лексикон: 618 типов, 900 токенов (этап 2: 618)

=== финальные чередования, основа >=2 (морфология): 37 чередующихся пар (36 уникальных пар знаков) ===
пар с LB-значениями: 35; общий C: 5 (14.3%), общий C и разные V: 5 (14.3%), общая V: 7 (20.0%)
нуль-1 (перестановка меток узлов, R=10000, seed=42): p(sameC)=0.1006, p(sameC,diffV)=0.0865, p(sameV)=0.6277
нуль-2 (случайные пары по частотам позиции): ожидание sameC 10.1%, sameC&diffV 9.7% (наблюдаемо 14.3% / 14.3%)
пары знаков (вес = число основ):
  KU~MA w=2  [TI-TI,KU-RU]
  PA~SU w=1  [A-RI]
  RE~RO w=1 <SAME-C>  [SI-DA]
  RE~TE w=1 <same-v>  [SI-DA]
  RO~TE w=1  [SI-DA]
  JA~RA w=1 <same-v>  [PI-TA]
  RO~U w=1  [DI-NA]
  SE~TA w=1  [MA-KA-I]
  O~U w=1 <SAME-C>  [A-MI-DA]
  RO~TA w=1  [KI-DA]
  A~DA w=1 <same-v>  [I-DA]
  A~MI w=1  [I-DA]
  DA~MI w=1  [I-DA]
  JA~RI w=1  [KU-PA]
  JA~ZU w=1  [KU-PA]
  RI~ZU w=1  [KU-PA]
  SI~TU w=1  [DA-NA]
  NE~RA w=1  [SI-KI]
  JU~TU w=1 <same-v>  [A-RA]
  TE~TI w=1 <SAME-C>  [TA-NA]
  JE~TE w=1 <same-v>  [A-TA-NA]
  DA~RU w=1  [QA-QA]
  SU~TE w=1  [KU-NI]
  JA~MU w=1  [JA-SA]
  E~JA w=1  [A-TA-I-*301-WA]
  NA~WI w=1  [PA3-NI]
  *350~DE w=1  [A-TA]
  *350~RE w=1  [A-TA]
  DE~RE w=1 <same-v>  [A-TA]
  RA~RO w=1 <SAME-C>  [A-DA]
  NU~PA3 w=1  [KU-PA3]
  SI~TA2 w=1  [KI-RI]
  JU~KI w=1  [QA-TI]
  RA~RE w=1 <SAME-C>  [DA-TA]
  TA2~ZA w=1 <same-v>  [KI-RE]
  NI~RA w=1  [MI-DA]

сверка с fam этапа 2: у меня 36 пар, из fam 36; пересечение 36; только fam: []

=== финальные чередования, основа >=3 (строже): 4 чередующихся пар (4 уникальных пар знаков) ===
пар с LB-значениями: 4; общий C: 1 (25.0%), общий C и разные V: 1 (25.0%), общая V: 1 (25.0%)
нуль-1 (перестановка меток узлов, R=10000, seed=42): p(sameC)=0.5444, p(sameC,diffV)=0.5444, p(sameV)=0.7649
нуль-2 (случайные пары по частотам позиции): ожидание sameC 9.6%, sameC&diffV 9.1% (наблюдаемо 25.0% / 25.0%)
пары знаков (вес = число основ):
  SE~TA w=1  [MA-KA-I]
  O~U w=1 <SAME-C>  [A-MI-DA]
  JE~TE w=1 <same-v>  [A-TA-NA]
  E~JA w=1  [A-TA-I-*301-WA]

=== финальные чередования, основа >=1 (вся статистика, шумнее): 398 чередующихся пар (351 уникальных пар знаков) ===
пар с LB-значениями: 328; общий C: 39 (11.9%), общий C и разные V: 37 (11.3%), общая V: 80 (24.4%)
нуль-1 (перестановка меток узлов, R=10000, seed=42): p(sameC)=0.0018, p(sameC,diffV)=0.0023, p(sameV)=0.0957
нуль-2 (случайные пары по частотам позиции): ожидание sameC 9.4%, sameC&diffV 9.0% (наблюдаемо 11.9% / 11.3%)
пары знаков (вес = число основ):
  RA~RO w=4 <SAME-C>  [KU,KI]
  MA~RU w=3  [A,SI]
  JA~RA w=3 <same-v>  [PI-TA,TA]
  DI~RU w=3  [MA,KA]
  DA~PI w=2  [KU,A]
  PA~RA w=2 <same-v>  [KU,TA]
  PI~RA w=2  [KU,NI]
  DI~KU w=2  [JA,KA]
  DI~PA w=2  [JA,KA]
  DI~SI w=2 <same-v>  [JA,KA]
  KU~PA w=2  [JA,KA]
  KU~SI w=2  [JA,KA]
  PA~SI w=2  [JA,KA]
  DA~JA w=2 <same-v>  [A,I]
  DA~MI w=2  [A,I-DA]
  DA~RU w=2  [A,QA-QA]
  DE~JA w=2  [A,PA]
  DE~SE w=2 <same-v>  [A,PA]
  JA~RI w=2  [A,KU-PA]
  JA~RU w=2  [A,KO]
  JA~SE w=2  [A,PA]
  JU~RU w=2 <same-v>  [A,KA]
  JU~SI w=2  [A,KA]
  MI~PI w=2 <same-v>  [A,NI]
  RU~SI w=2  [A,KA]
  KA~TU w=2  [SI,DA]
  JA~TI w=2  [TA,I]
  PA~TI w=2  [TA,KA]
  RA~TA w=2 <same-v>  [TA,SA]
  RA~RU w=2 <SAME-C>  [KI,SA]
  RO~RU w=2 <SAME-C>  [KI,SA]
  JA~RA2 w=2 <same-v>  [RU,I]
  KI~TU w=2  [TE,DA]
  RO~TA w=2  [KI-DA,SA]
  JU~KI w=2  [KA,QA-TI]
  JU~TI w=2  [KA,U]
  KI~KU w=2 <SAME-C>  [KA,DA]
  KA~TI w=2  [QE,I]
  TE~TI w=2 <SAME-C>  [TA-NA,U]
  SU~TE w=2  [KU-NI,U]
  JA~MU w=2  [JA-SA,KO]
  KU~MA w=2  [TI-TI,KU-RU]
  *321~DA w=1  [KU]
  *321~PA w=1  [KU]
  *321~PI w=1  [KU]
  *321~RA w=1  [KU]
  *321~RO w=1  [KU]
  DA~PA w=1 <same-v>  [KU]
  DA~RA w=1 <same-v>  [KU]
  DA~RO w=1  [KU]
  PA~PI w=1 <SAME-C>  [KU]
  PA~RO w=1  [KU]
  PI~RO w=1  [KU]
  PA~SU w=1  [A-RI]
  *301~*82 w=1  [E]
  E~KE w=1 <same-v>  [RO]
  *306~DE w=1  [DI]
  *21F~*345 w=1  [JA]
  *21F~DI w=1  [JA]
  *21F~KU w=1  [JA]
  *21F~PA w=1  [JA]
  *21F~SA w=1  [JA]
  *21F~SI w=1  [JA]
  *345~DI w=1  [JA]
  *345~KU w=1  [JA]
  *345~PA w=1  [JA]
  *345~SA w=1  [JA]
  *345~SI w=1  [JA]
  DI~SA w=1  [JA]
  KU~SA w=1  [JA]
  PA~SA w=1 <same-v>  [JA]
  SA~SI w=1 <SAME-C>  [JA]
  RE~RO w=1 <SAME-C>  [SI-DA]
  RE~TE w=1 <same-v>  [SI-DA]
  RO~TE w=1  [SI-DA]
  DA~DE w=1 <SAME-C>  [A]
  DA~DU w=1 <SAME-C>  [A]
  DA~JE w=1  [A]
  DA~JU w=1  [A]
  DA~MA w=1 <same-v>  [A]
  DA~RI w=1  [A]
  DA~SE w=1  [A]
  DA~SI w=1  [A]
  DE~DU w=1 <SAME-C>  [A]
  DE~JE w=1 <same-v>  [A]
  DE~JU w=1  [A]
  DE~MA w=1  [A]
  DE~MI w=1  [A]
  DE~PI w=1  [A]
  DE~RI w=1  [A]
  DE~RU w=1  [A]
  DE~SI w=1  [A]
  DU~JA w=1  [A]
  DU~JE w=1  [A]
  DU~JU w=1 <same-v>  [A]
  DU~MA w=1  [A]
  DU~MI w=1  [A]
  DU~PI w=1  [A]
  DU~RI w=1  [A]
  DU~RU w=1 <same-v>  [A]
  DU~SE w=1  [A]
  DU~SI w=1  [A]
  JA~JE w=1 <SAME-C>  [A]
  JA~JU w=1 <SAME-C>  [A]
  JA~MA w=1 <same-v>  [A]
  JA~MI w=1  [A]
  JA~PI w=1  [A]
  JA~SI w=1  [A]
  JE~JU w=1 <SAME-C>  [A]
  JE~MA w=1  [A]
  JE~MI w=1  [A]
  JE~PI w=1  [A]
  JE~RI w=1  [A]
  JE~RU w=1  [A]
  JE~SE w=1 <same-v>  [A]
  JE~SI w=1  [A]
  JU~MA w=1  [A]
  JU~MI w=1  [A]
  JU~PI w=1  [A]
  JU~RI w=1  [A]
  JU~SE w=1  [A]
  MA~MI w=1 <SAME-C>  [A]
  MA~PI w=1  [A]
  MA~RI w=1  [A]
  MA~SE w=1  [A]
  MA~SI w=1  [A]
  MI~RI w=1 <same-v>  [A]
  MI~RU w=1  [A]
  MI~SE w=1  [A]
  MI~SI w=1 <same-v>  [A]
  PI~RI w=1 <same-v>  [A]
  PI~RU w=1  [A]
  PI~SE w=1  [A]
  PI~SI w=1 <same-v>  [A]
  RI~RU w=1 <SAME-C>  [A]
  RI~SE w=1  [A]
  RI~SI w=1 <same-v>  [A]
  RU~SE w=1  [A]
  SE~SI w=1 <SAME-C>  [A]
  *516~KA w=1  [SI]
  *516~MA w=1  [SI]
  *516~RU w=1  [SI]
  *516~TE w=1  [SI]
  *516~TU w=1  [SI]
  KA~MA w=1 <same-v>  [SI]
  KA~RU w=1  [SI]
  KA~TE w=1  [SI]
  MA~TE w=1  [SI]
  MA~TU w=1  [SI]
  RU~TE w=1  [SI]
  RU~TU w=1 <same-v>  [SI]
  TE~TU w=1 <SAME-C>  [SI]
  RO~U w=1  [DI-NA]
  *317~*344 w=1  [*323]
  JA~PA w=1 <same-v>  [TA]
  JA~TA w=1 <same-v>  [TA]
  PA~TA w=1 <same-v>  [TA]
  RA~TI w=1  [TA]
  TA~TI w=1 <SAME-C>  [TA]
  JA~SA w=1 <same-v>  [RU]
  RA2~SA w=1 <same-v>  [RU]
  SE~TA w=1  [MA-KA-I]
  O~U w=1 <SAME-C>  [A-MI-DA]
  *301~KE w=1  [TE]
  *301~KI w=1  [TE]
  *301~NI w=1  [TE]
  *301~RI w=1  [TE]
  *301~TU w=1  [TE]
  KE~KI w=1 <SAME-C>  [TE]
  KE~NI w=1  [TE]
  KE~RI w=1  [TE]
  KE~TU w=1  [TE]
  KI~NI w=1 <same-v>  [TE]
  KI~RI w=1 <same-v>  [TE]
  NI~RI w=1 <same-v>  [TE]
  NI~TU w=1  [TE]
  RI~TU w=1  [TE]
  A~DA w=1 <same-v>  [I-DA]
  A~MI w=1  [I-DA]
  *321~DI w=1  [MA]
  *321~RE w=1  [MA]
  *321~RU w=1  [MA]
  *321~ZA w=1  [MA]
  *321~ZU w=1  [MA]
  DI~RE w=1  [MA]
  DI~ZA w=1  [MA]
  DI~ZU w=1  [MA]
  RE~RU w=1 <SAME-C>  [MA]
  RE~ZA w=1  [MA]
  RE~ZU w=1  [MA]
  RU~ZA w=1  [MA]
  RU~ZU w=1 <same-v>  [MA]
  ZA~ZU w=1 <SAME-C>  [MA]
  *305~DI w=1  [KA]
  *305~JU w=1  [KA]
  *305~KI w=1  [KA]
  *305~KU w=1  [KA]
  *305~NA w=1  [KA]
  *305~PA w=1  [KA]
  *305~QA w=1  [KA]
  *305~RU w=1  [KA]
  *305~SI w=1  [KA]
  *305~TI w=1  [KA]
  DI~JU w=1  [KA]
  DI~KI w=1 <same-v>  [KA]
  DI~NA w=1  [KA]
  DI~QA w=1  [KA]
  DI~TI w=1 <same-v>  [KA]
  JU~KU w=1 <same-v>  [KA]
  JU~NA w=1  [KA]
  JU~PA w=1  [KA]
  JU~QA w=1  [KA]
  KI~NA w=1  [KA]
  KI~PA w=1  [KA]
  KI~QA w=1  [KA]
  KI~RU w=1  [KA]
  KI~SI w=1 <same-v>  [KA]
  KI~TI w=1 <same-v>  [KA]
  KU~NA w=1  [KA]
  KU~QA w=1  [KA]
  KU~RU w=1 <same-v>  [KA]
  KU~TI w=1  [KA]
  NA~PA w=1 <same-v>  [KA]
  NA~QA w=1 <same-v>  [KA]
  NA~RU w=1  [KA]
  NA~SI w=1  [KA]
  NA~TI w=1  [KA]
  PA~QA w=1 <same-v>  [KA]
  PA~RU w=1  [KA]
  QA~RU w=1  [KA]
  QA~SI w=1  [KA]
  QA~TI w=1  [KA]
  RU~TI w=1  [KA]
  SI~TI w=1 <same-v>  [KA]
  JA~ZU w=1  [KU-PA]
  RI~ZU w=1  [KU-PA]
  *308~*86 w=1  [*188]
  *308~DU w=1  [*188]
  *86~DU w=1  [*188]
  SI~TU w=1  [DA-NA]
  *188~E w=1  [PA3]
  *188~NI w=1  [PA3]
  *188~PU2 w=1  [PA3]
  E~NI w=1  [PA3]
  E~PU2 w=1  [PA3]
  NI~PU2 w=1  [PA3]
  MI~RA w=1  [NI]
  NE~RA w=1  [SI-KI]
  JU~TU w=1 <same-v>  [A-RA]
  *86~RO w=1  [RE]
  *86~SA w=1  [RE]
  *86~TI w=1  [RE]
  *86~ZA w=1  [RE]
  RO~SA w=1  [RE]
  RO~TI w=1  [RE]
  RO~ZA w=1  [RE]
  SA~TI w=1  [RE]
  SA~ZA w=1 <same-v>  [RE]
  TI~ZA w=1  [RE]
  TA~TA2 w=1 <SAME-C> <same-v>  [*312]
  KA~PU w=1  [QE]
  PU~TI w=1  [QE]
  JE~TE w=1 <same-v>  [A-TA-NA]
  MA~NU w=1  [TU]
  MA~SU w=1  [TU]
  NU~SU w=1 <same-v>  [TU]
  *362~TE w=1  [WA]
  *308~DA w=1  [I]
  *308~JA w=1  [I]
  *308~KA w=1  [I]
  *308~RA2 w=1  [I]
  *308~TI w=1  [I]
  DA~KA w=1 <same-v>  [I]
  DA~RA2 w=1 <same-v>  [I]
  DA~TI w=1  [I]
  JA~KA w=1 <same-v>  [I]
  KA~RA2 w=1 <same-v>  [I]
  RA2~TI w=1  [I]
  DU~SU w=1 <same-v>  [ZU]
  DI~MA w=1  [SA]
  DI~PO w=1  [SA]
  DI~RA w=1  [SA]
  DI~RA2 w=1  [SA]
  DI~RO w=1  [SA]
  DI~TA w=1  [SA]
  MA~PO w=1  [SA]
  MA~RA w=1 <same-v>  [SA]
  MA~RA2 w=1 <same-v>  [SA]
  MA~RO w=1  [SA]
  MA~TA w=1 <same-v>  [SA]
  PO~RA w=1  [SA]
  PO~RA2 w=1  [SA]
  PO~RO w=1 <same-v>  [SA]
  PO~RU w=1  [SA]
  PO~TA w=1  [SA]
  RA~RA2 w=1 <SAME-C> <same-v>  [SA]
  RA2~RO w=1 <SAME-C>  [SA]
  RA2~RU w=1 <SAME-C>  [SA]
  RA2~TA w=1 <same-v>  [SA]
  RU~TA w=1  [SA]
  I~KA w=1  [DA]
  I~KI w=1 <same-v>  [DA]
  I~KU w=1  [DA]
  I~ME w=1  [DA]
  I~RE w=1  [DA]
  I~TU w=1  [DA]
  KA~KI w=1 <SAME-C>  [DA]
  KA~KU w=1 <SAME-C>  [DA]
  KA~ME w=1  [DA]
  KA~RE w=1  [DA]
  KI~ME w=1  [DA]
  KI~RE w=1  [DA]
  KU~ME w=1  [DA]
  KU~RE w=1  [DA]
  KU~TU w=1 <same-v>  [DA]
  ME~RE w=1 <same-v>  [DA]
  ME~TU w=1  [DA]
  RE~TU w=1  [DA]
  *301~NA w=1  [*301]
  E~JA w=1  [A-TA-I-*301-WA]
  NA~WI w=1  [PA3-NI]
  *350~DE w=1  [A-TA]
  *350~RE w=1  [A-TA]
  DE~RE w=1 <same-v>  [A-TA]
  DE~KO w=1  [PU]
  DE~RA2 w=1  [PU]
  KO~RA2 w=1  [PU]
  KA~RO w=1  [*86]
  *305~JE w=1  [SE]
  MU~RU w=1 <same-v>  [KO]
  *49~JU w=1  [U]
  *49~SU w=1  [U]
  *49~TA2 w=1  [U]
  *49~TE w=1  [U]
  *49~TI w=1  [U]
  JU~SU w=1 <same-v>  [U]
  JU~TA2 w=1  [U]
  JU~TE w=1  [U]
  SU~TA2 w=1  [U]
  SU~TI w=1  [U]
  TA2~TE w=1 <SAME-C>  [U]
  TA2~TI w=1 <SAME-C>  [U]
  DE~RA w=1  [PA]
  RA~SE w=1  [PA]
  RO~WI w=1  [NU]
  NU~PA3 w=1  [KU-PA3]
  SI~TA2 w=1  [KI-RI]
  RA~RE w=1 <SAME-C>  [DA-TA]
  TA2~ZA w=1 <same-v>  [KI-RE]
  NI~RA w=1  [MI-DA]
  *351~MI w=1  [*805]

=== приставочные чередования, хвост >=2: 32 чередующихся пар (30 уникальных пар знаков) ===
пар с LB-значениями: 26; общий C: 2 (7.7%), общий C и разные V: 2 (7.7%), общая V: 10 (38.5%)
нуль-1 (перестановка меток узлов, R=10000, seed=42): p(sameC)=0.5937, p(sameC,diffV)=0.5732, p(sameV)=0.1272
нуль-2 (случайные пары по частотам позиции): ожидание sameC 7.8%, sameC&diffV 7.7% (наблюдаемо 7.7% / 7.7%)
пары знаков (вес = число основ):
  A~SI w=2  [DA-RO,MI-TA]
  A~JA w=2 <same-v>  [WA-PI,SA-SA-RA-ME]
  QA~QE w=1 <SAME-C>  [KU-RE]
  NA~SI w=1  [DA-RE]
  DA~PI w=1  [TA-RA]
  KI~WA w=1  [DI-NI]
  QE~TU w=1  [PI-TA]
  DI~TA w=1  [RI-NA]
  KI~TI w=1 <same-v>  [DA-TA]
  A~KI w=1  [DA-RO]
  KI~SI w=1 <same-v>  [DA-RO]
  DA~E w=1  [NA-SI]
  KU~RI w=1  [RU-MA]
  A~PA w=1 <same-v>  [SE-JA]
  *324~ZU w=1  [DI-RA]
  *21F~QE w=1  [TU-NE]
  *47~DA w=1  [KU-NA]
  DU~PI w=1  [MI-TA-TI-RA2]
  *333~JA w=1  [SA-MU]
  KE~QE w=1 <same-v>  [SI-TE]
  A~U w=1 <SAME-C>  [*325-ZA]
  *306~RI w=1  [TA-JE]
  I~PI w=1 <same-v>  [TA-JA]
  A~DA w=1 <same-v>  [TA-RE]
  A~TA2 w=1 <same-v>  [TA-RE]
  DA~TA2 w=1 <same-v>  [TA-RE]
  *164~DA w=1  [RI-DA]
  A~MI w=1  [DA-RA]
  PA~TE w=1  [JA-RE]
  KU~SA w=1  [RE-JU]

=== кластеры чередуемости (связные компоненты, основа >=2) ===
  [21] *350 DE E JA JE MU NE NI O PA RA RE RI RO SE SU TA TE TI U ZU  | согласные: {'D': 1, '∅': 3, 'J': 2, 'M': 1, 'N': 2, 'P': 1, 'R': 4, 'S': 2, 'T': 3, 'Z': 1}
  [6] JU KI SI TA2 TU ZA  | согласные: {'J': 1, 'K': 1, 'S': 1, 'T': 2, 'Z': 1}
  [4] A DA MI RU  | согласные: {'∅': 1, 'D': 1, 'M': 1, 'R': 1}
  [2] KU MA  | согласные: {'K': 1, 'M': 1}
  [2] NA WI  | согласные: {'N': 1, 'W': 1}
  [2] NU PA3  | согласные: {'N': 1, 'P': 1}

∅-чередования (основа сама — слово): 42 пар основа~знак; топ финалей: [('JA', 6), ('TI', 3), ('PA', 2), ('RA', 2), ('ME', 2), ('NA', 2), ('MU', 2), ('TE', 2)]
