=== класс «дозовых списков»: 9 документов ===

HT100      HT   лигатур OLE+ 3 (OLE+MI,OLE+NE,OLE+U); дробей 4, знаменатели [2, 4, 6]
   слова: KI, *305, KU-RO, SA-RA2, NI

HT140      HT   лигатур OLE+ 2 (OLE+KI,OLE+U); дробей 3, знаменатели [2]
   слова: U-*34-SI, *86-SI-NI, JE-DI, U-*34-SI, *86-SI-*118-KA, KA, MA, KA, KA, KA

HT21       HT   лигатур OLE+ 2 (OLE+E,OLE+U); дробей 3, знаменатели [4]
   слова: PI-TA-KA-SE, TE, *304

HT23a      HT   лигатур OLE+ 3 (OLE+NE,OLE+RI,OLE+TU); дробей 8, знаменатели [3, 6, 16]
   слова: KA-NA, *308, E, *21F-RI-TU-QA, SA-SA-ME, KO-RU

HT35       HT   лигатур OLE+ 2 (OLE+RI,OLE+TA); дробей 5, знаменатели [3, 5, 16]
   слова: TI-TI-KU, *326, I-KU-TA, *308, E

HT50a      HT   лигатур OLE+ 3 (OLE+E,OLE+KI,OLE+MI); дробей 6, знаменатели [2, 4, 8]
   слова: *304

HT91       HT   лигатур OLE+ 3 (OLE+KI,OLE+MI,OLE+U); дробей 8, знаменатели [6]
   слова: I-KA, *326, *304, NI, E, TE-RI, E

KH12       KH   лигатур OLE+ 0 (); дробей 6, знаменатели [2, 3, 5, 16]
   слова: *308, *335, *516

TY3a       TY   лигатур OLE+ 7 (OLE+KI,OLE+KI+ME,OLE+KI+U,OLE+MI,OLE+QIf,OLE+TU,OLE+U); дробей 6, знаменатели [2, 4, 5]
   слова: ZA-*321, NE-KI, A-DU, A-DA, KO-A-DU-WA, A-KU-TU-*361, KI

сайты класса: {'HT': 7, 'KH': 1, 'TY': 1}
слова, повторяющиеся в классе (>=2 док.): [('E', 4), ('KA', 4), ('*304', 3), ('*308', 3), ('*326', 2), ('NI', 2), ('KI', 2), ('U-*34-SI', 2)]
