=== LA (наш корпус) ===
документов со слоговым текстом: 1552; знаков-токенов: 5475
инвентарь: базовых силлабограмм 62, *-знаков 114, итого 176
медианная длина документа: 1 знаков; 90-й перцентиль: 9

=== CM (литература) против LA ===
| параметр | CM | LA (наш счёт) |
|---|---|---|
| силлабограмм | ~96 | 176 |
| надписей | ~250 | 1552 |
| знаков всего | ~2500–3500 | 5475 |
| медианная длина | короткие (клейма/шары) | 1 |

Выводы уровня письменности (не языка):
1. Размеры инвентарей совместимы (СМ ~96 ~ LA ~176): оба — V/CV-силлабарии
   эгейского типа; преемственность НЕ опровергается.
2. Профили корпусов противоположны по жанру: LA — административные архивы
   (числа, итоги), CM — метки/шары/личные предметы; прямое позиционное
   сравнение слов будет смещено жанром — предупреждение будущему тесту.
3. Для настоящего теста преемственности (частоты, позиции, слова) нужна
   оцифровка HoChyMin — в открытом доступе отсутствует; кандидат на запрос
   (Ferrara/Valério активны на academia.edu) — добавлено в contact_draft.md.

