типов слота 1: 206; уникальных (1 док): 158 (77%); 2–4 дока: 37; >=5 доков: 11
топ повторяемых слота 1:
   ki               ×16  
   o                ×15  
   u-ta-jo          ×15  = ИЗВЕСТНЫЙ КОЛЛЕКТОР
   we-we-si-jo      ×15  = ИЗВЕСТНЫЙ КОЛЛЕКТОР
   u-ta-jo-jo       ×12  = ИЗВЕСТНЫЙ КОЛЛЕКТОР
   we-we-si-jo-jo   ×12  = ИЗВЕСТНЫЙ КОЛЛЕКТОР
   da-mi-ni-jo      ×10  = ИЗВЕСТНЫЙ КОЛЛЕКТОР
   sa-qa-re-jo      ×8   = ИЗВЕСТНЫЙ КОЛЛЕКТОР
   a-te-jo          ×8   = ИЗВЕСТНЫЙ КОЛЛЕКТОР
   a3-mi-re-we      ×7   
из топ-10 в внешнем списке коллекторов: 7

LA-зеркало (HT, слот 1): типов 132, уникальных 84%
топ повторяемых HT слота 1: [('TE', 5), ('A-DU', 5), ('KA-PA', 4), ('NI', 4), ('A-KA-RU', 3), ('*21F-TU-NE', 3), ('JE-DI', 3), ('KU-RO', 3)]

Чтение: бимодальность слота 1 = две функциональные популяции (уникальные
агенты + повторяемые «кураторы»); совпадение топа с внешним списком
коллекторов = слепое переоткрытие класса. LA-зеркало показывает, есть ли
аналог в HT-формуляре (SI/NI — логограммные заголовки, не агенты; вопрос
об A-DU и повторяемых словах). Дескриптивно; чтения не приписываются.
