=== микроконтексты внутридокументных пар ===

HT6a (HT, tab) [суфф+QE]
   KA-PA                  число=None     [None _ DA-TA-RA]
   KA-PA-QE               число=23/4     [O-RA2-DI-NE _ DA-QE-RA]

HT6a (HT, tab) [знак@1]
   DA-TA-RA               число=None     [KA-PA _ TE]
   DA-QE-RA               число=None     [KA-PA-QE _ QE-PI-TA]

HT9a (HT, tab) [знак@0]
   SA-RO                  число=None     [None _ TE]
   KU-RO                  число=127/4    [A-RU _ None]

HT13 (HT, tab) [знак@1]
   TE-TU                  число=56       [RE-ZA _ TE-KI]
   TE-KI                  число=55/2     [TE-TU _ KU-ZU-NI]

HT28b (HT, tab) [знак@0]
   SA-RA2                 число=None     [U-MI-NA-SI _ GRA]
   PU-RA2                 число=None     [VIN _ NI]

HT88 (HT, tab) [знак@0]
   KI-RO                  число=None     [KI-KI-NA _ KU-PA3-PA3]
   KU-RO                  число=6        [DA-TA-RE _ None]

HT88 (HT, tab) [знак@2]
   KU-PA3-PA3             число=1        [KI-RO _ KA-JU]
   KU-PA3-NU              число=1        [KA-JU _ PA-JA-RE]

HT94b (HT, tab) [знак@0]
   KI-RO                  число=None     [None _ TU-MA]
   KU-RO                  число=5        [SA-RU _ *86]

HT96a (HT, tab) [знак@1]
   *323-*317              число=1        [RU-SA _ PI-TA-RA]
   *323-*344              число=1        [PI-TA-RA _ KU-MA-RO]

HT97a (HT, tab) [знак@0]
   NA-TI                  число=4        [DI _ MA-DI]
   TA-TI                  число=2        [ZU _ DE]

HT110a (HT, tab) [знак@1]
   KU-PA                  число=1        [CYP+E _ KU-RO]
   KU-RO                  число=100      [KU-PA _ NI]

HT117a (HT, tab) [знак@0]
   KI-RO                  число=None     [MA-KA-RI-TE _ U-MI-NA-SI]
   KU-RO                  число=10       [NA-DA-RE _ SA-TA]

HT122a (HT, tab) [знак@1]
   KU-RO                  число=31       [DA-RI-DA _ KU-DA]
   KU-DA                  число=1        [KU-RO _ None]

HT122b (HT, tab) [преф PO-TO+]
   KU-RO                  число=65       [DA-RE _ PO-TO-KU-RO]
   PO-TO-KU-RO            число=97       [KU-RO _ None]

HT123+124a (HT, tab) [знак@0]
   KI-RO                  число=1        [*308 _ PU-VIN]
   KU-RO                  число=None     [KI-RO _ OLIV]

HT123+124b (HT, tab) [знак@1]
   *188-*308              число=11       [None _ *312]
   *188-DU                число=10       [*188 _ TU-PA-DI-DA]

HT123+124b (HT, tab) [знак@0]
   KU-RO                  число=20       [DU-MA-I-NA _ KI-RO]
   KI-RO                  число=5        [KU-RO _ None]

PK1 (PK, tab) [преф RA-NA+]
   RA-NA-TU-SU            число=1        [O-TE-JA _ NI-MI]
   TU-SU                  число=1        [NI-MI _ MA-TI-ZA-I-TE]

ZA10a (ZA, tab) [преф A+]
   TA-NA-TE               число=2        [None _ PA]
   A-TA-NA-TE             число=1        [A-KU-MI-NA _ A-MI-DA-U]

сводка: {'одна форма с числом, другая без': 6, 'длинная форма БЕЗ числа': 0, 'длинная форма С числом': 1, 'обе без чисел': 2, 'обе с числами': 11}

=== межсайтовые аффиксные пары: форма ← сайт ===
   *28B-NU-MA-RE        @ZA       ~ MA-RE                      @HT       [преф *28B-NU+]
   A-DA                 @TY       ~ A-DA-*21F-RI               @KH       [суфф+*21F-RI]
   A-DA                 @TY       ~ A-DA-RA                    @KN       [суфф+RA]
   A-DA                 @TY       ~ A-DA-RO                    @ARKH     [суфф+RO]
   A-DU                 @HT       ~ A-DU-ZA                    @PK       [суфф+ZA]
   A-JE                 @THE      ~ A-JE-SA                    @IO       [суфф+SA]
   A-KI-RO              @ARKH     ~ KI-RO                      @HT       [преф A+]
   A-MA                 @HS,MA    ~ A-MA-JA                    @KH       [суфф+JA]
   A-MA                 @HS,MA    ~ A-MA-WA-SI                 @CR       [суфф+WA-SI]
   A-MI                 @KH       ~ A-MI-DA-O                  @PH       [суфф+DA-O]
   A-MI                 @KH       ~ A-MI-DA-U                  @ZA       [суфф+DA-U]
   A-MI                 @KH       ~ A-MI-TA                    @ZA       [суфф+TA]
   A-RA-TU              @ZA       ~ A-RA-TU-ME                 @HT       [суфф+ME]
   A-RI                 @PH       ~ A-RI-NI-TA                 @HT,ZA    [суфф+NI-TA]
   A-RI                 @PH       ~ A-RI-PA                    @PE       [суфф+PA]
   A-RI                 @PH       ~ A-RI-SU                    @HT       [суфф+SU]
   A-SA-DA-KA           @MA       ~ DA-KA                      @HT       [преф A-SA+]
   A-SA-SA-RA-ME        @PK       ~ SA-SA-RA-ME                @KH       [преф A+]
   A-SE                 @HT,ZA    ~ A-SE-TU-*21F               @PH       [суфф+TU-*21F]
   A-SI                 @HT       ~ A-SI-KI-RA                 @KH       [суфф+KI-RA]
   A-SI-KI-RA           @KH       ~ KI-RA                      @HT,ZA    [преф A-SI+]
   A-SI-KI-RA           @KH       ~ SI-KI-RA                   @HT       [преф A+]
   DA-I                 @HT       ~ DA-I-PI-TA                 @ZA       [суфф+PI-TA]
   DA-KU                @SE       ~ DA-KU-NA                   @HT       [суфф+NA]
   DA-KU                @SE       ~ DA-KU-SE-NE                @HT       [суфф+SE-NE]
   DA-MA-TE             @KY       ~ I-DA-MA-TE                 @AR       [преф I+]
   DA-U-*49             @HT       ~ U-*49                      @ZA       [преф DA+]
   I-DA                 @PK,ZA    ~ I-DA-A                     @KO       [суфф+A]
   I-DA                 @PK,ZA    ~ I-DA-DA                    @CR       [суфф+DA]
   I-DA                 @PK,ZA    ~ I-DA-MA-TE                 @AR       [суфф+MA-TE]
   I-DA                 @PK,ZA    ~ I-DA-MI                    @SY       [суфф+MI]
   I-JA                 @CR       ~ I-JA-PA-ME                 @KH       [суфф+PA-ME]
   I-JA                 @CR       ~ I-JA-TE                    @PH       [суфф+TE]
   I-JA                 @CR       ~ SE-TO-I-JA                 @PR       [преф SE-TO+]
   I-QA-*118            @HT       ~ QA-*118                    @KH       [преф I+]
   I-RU-JA              @HT       ~ RU-JA                      @KN       [преф I+]
   I-TI                 @HT       ~ I-TI-NI-SA                 @ZA       [суфф+NI-SA]
   JA-DI                @PH       ~ JA-DI-KI-TU                @IO       [суфф+KI-TU]
   JA-KU                @MA       ~ JA-KU-TI                   @KN       [суфф+TI]
   JA-PA                @ZA       ~ JA-PA-QA                   @PK       [суфф+QA]
   JA-SA                @SAM      ~ JA-SA-JA                   @KN       [суфф+JA]
   JA-SA                @SAM      ~ JA-SA-MU                   @ZA       [суфф+MU]
   JA-SA-SA-RA-ME       @IO,PK,PL,PS,TL ~ SA-SA-RA-ME                @KH       [преф JA+]
   JA-SI                @KN       ~ JA-SI-E                    @KE       [суфф+E]
   KA-KU                @HT       ~ KA-KU-NE-TE                @ZA       [суфф+NE-TE]
   KA-NA                @HT       ~ KA-NA-NI-TI                @KH       [суфф+NI-TI]
   KA-SI                @HT       ~ KA-SI-A-TE                 @KN       [суфф+A-TE]
   KE-KI-RU             @HT       ~ KI-RU                      @MI       [преф KE+]
   KE-SI-TE             @KN       ~ SI-TE                      @MIL,ZA   [преф KE+]
   KI-RE-ZA             @ZA       ~ RE-ZA                      @HT       [преф KI+]
   KU-PA                @HT,ZA    ~ KU-PA-RI                   @PE       [суфф+RI]
   KU-PA                @HT,ZA    ~ KU-PA-ZU                   @KH       [суфф+ZU]
   KU-RA                @ARKH,ZA  ~ KU-RA-MU                   @HT       [суфф+MU]
   NI-MI                @PK       ~ WA-DU-NI-MI                @HT       [преф WA-DU+]
   PA3-NI               @HT       ~ PA3-NI-WI                  @SY       [суфф+WI]
   PI-TE-RI             @PK       ~ TE-RI                      @HT,PH    [преф PI+]
   QA-*118              @KH       ~ QA-*118-RA-RE              @HT       [суфф+RA-RE]
   QE-SI-TE             @MA       ~ SI-TE                      @MIL,ZA   [преф QE+]
   QE-TI                @HT       ~ U-QE-TI                    @PL       [преф U+]
   RI-RU-MA             @HT       ~ RI-RU-MA-TI                @PH       [суфф+TI]
   RU-JA                @KN       ~ RU-JA-TA-DI                @HT       [суфф+TA-DI]
   RU-MA-TA             @HT       ~ RU-MA-TA-SE                @ZA       [суфф+SE]
   RU-SA                @HT       ~ TU-RU-SA                   @KO       [преф TU+]
   SA-RA                @SAM      ~ SA-RA-RA                   @HT       [суфф+RA]
   SI-RU                @HT       ~ SI-RU-TE                   @IO,KO,SY,VRY [суфф+TE]
   SI-TE-TU             @ZA       ~ TE-TU                      @HT       [преф SI+]
   TI-MA                @HT       ~ TI-TI-MA                   @PH       [преф TI+]
   TU-SU                @PK       ~ TU-SU-PU2                  @HT       [суфф+PU2]
итого межсайтовых аффиксных пар: 68
