=== (а) минимальные контрасты внутри одного документа ===
   HT110a       KU-PA                ~ KU-RO                    [знак@1]
   HT117a       KI-RO                ~ KU-RO                    [знак@0]
   HT122a       KU-DA                ~ KU-RO                    [знак@1]
   HT122b       KU-RO                ~ PO-TO-KU-RO              [PO-TO+]
   HT123+124a   KI-RO                ~ KU-RO                    [знак@0]
   HT123+124b   *188-*308            ~ *188-DU                  [знак@1]
   HT123+124b   KI-RO                ~ KU-RO                    [знак@0]
   HT13         TE-KI                ~ TE-TU                    [знак@1]
   HT28b        PU-RA2               ~ SA-RA2                   [знак@0]
   HT6a         DA-QE-RA             ~ DA-TA-RA                 [знак@1]
   HT6a         KA-PA                ~ KA-PA-QE                 [+QE]
   HT88         KI-RO                ~ KU-RO                    [знак@0]
   HT88         KU-PA3-NU            ~ KU-PA3-PA3               [знак@2]
   HT94b        KI-RO                ~ KU-RO                    [знак@0]
   HT96a        *323-*317            ~ *323-*344                [знак@1]
   HT97a        NA-TI                ~ TA-TI                    [знак@0]
   HT9a         KU-RO                ~ SA-RO                    [знак@0]
   PK1          RA-NA-TU-SU          ~ TU-SU                    [RA-NA+]
   ZA10a        A-TA-NA-TE           ~ TA-NA-TE                 [A+]
итого внутридокументных пар: 19

=== (б) связанные пары с НЕпересекающимися сайтами ===
   *164-RI-DA           THE      ~ DA-RI-DA                 HT       [знак@0]
   *188-*86             HT       ~ RE-*86                   MIL      [знак@0]
   *21F-*118            KH,ZA    ~ *539-*118                HT       [знак@0]
   *21F-*118            KH,ZA    ~ *554-*118                HT       [знак@0]
   *28B-NU-MA-RE        ZA       ~ MA-RE                    HT       [*28B-NU+]
   *301-*301            HT       ~ *301-NA                  KH       [знак@1]
   *301-NA              KH       ~ KA-NA                    HT       [знак@0]
   *305-RU              HT       ~ KI-RU                    MI       [знак@0]
   *306-TA-JE           ARKH,FO  ~ RI-TA-JE                 KH       [знак@0]
   *312-TA              HT       ~ *312-TA2                 ZA       [знак@1]
   *312-TA              HT       ~ TA-TA                    KH       [знак@0]
   *312-TA2             ZA       ~ U-TA2                    HT       [знак@0]
   *322-RI              HT       ~ A-RI                     PH       [знак@0]
   *327-JU              HT       ~ U-JU                     ZA       [знак@0]
   *328-E               PH       ~ PA3-E                    PK       [знак@0]
   *333-SA-MU           MO       ~ JA-SA-MU                 ZA       [знак@0]
   *403-VS              HT       ~ *408-VS                  KH       [знак@0]
   *403-VS              HT       ~ *409-VS                  KH,ZO    [знак@0]
   *403-VS              HT       ~ *411-VS                  KH       [знак@0]
   *403-VS              HT       ~ *417-VS                  KH       [знак@0]
   *406-VS              HT       ~ *408-VS                  KH       [знак@0]
   *406-VS              HT       ~ *409-VS                  KH,ZO    [знак@0]
   *406-VS              HT       ~ *411-VS                  KH       [знак@0]
   *406-VS              HT       ~ *417-VS                  KH       [знак@0]
   *47-KU-NA            ZA       ~ DA-KU-NA                 HT       [знак@0]
   *539-*118            HT       ~ QA-*118                  KH       [знак@0]
   *554-*118            HT       ~ QA-*118                  KH       [знак@0]
   *805-MI              KH       ~ NI-MI                    PK       [знак@0]
   *86-KA               HT       ~ *86-RO                   KH       [знак@1]
   *86-RO               KH       ~ KI-RO                    HT       [знак@0]
   *86-RO               KH       ~ KU-RO                    HT,PH,ZA [знак@0]
   *86-RO               KH       ~ NU-RO                    IN,KAM   [знак@0]
   *86-RO               KH       ~ RE-RO                    HT       [знак@0]
   *86-RO               KH       ~ SA-RO                    HT       [знак@0]
   A-*325-ZA            PE       ~ A-DU-ZA                  PK       [знак@1]
   A-*325-ZA            PE       ~ U-*325-ZA                HT       [знак@0]
   A-DA                 TY       ~ A-DA-*21F-RI             KH       [+*21F-RI]
   A-DA                 TY       ~ A-DA-RA                  KN       [+RA]
   A-DA                 TY       ~ A-DA-RO                  ARKH     [+RO]
   A-DA                 TY       ~ A-DE                     ZA       [знак@1]
итого межсайтовых связанных пар: 445

аффиксных пар всего: 108; документо-дизъюнктных: 104 (96%); сайто-дизъюнктных: 68 (63%)
фон (случайные пары слов): сайто-дизъюнктных 69%
