LA-слов с ровно одним неизвестным знаком (длина >=3): 78
голосов (совпадений шаблона с LB): 18

=== голоса по знакам ===
*350: 5 голосов, значения: {'no': 1, 'o': 1, 'qe': 1, 'ra': 1, 'ro': 1}
     *350=no   из A-TA-*350              == a-ta-no            NAME_SLOT
     *350=o    из A-TA-*350              == a-ta-o             NAME_SLOT
     *350=qe   из A-TA-*350              == a-ta-qe            NAME_SLOT
     *350=ra   из A-TA-*350              == a-ta-ra            
     *350=ro   из A-TA-*350              == a-ta-ro            
*34: 4 голосов, значения: {'ri': 1, 'pu': 1, 'ru': 1, 'te': 1}
     *34=ri   из PI-*34-TE              == pi-ri-te           
     *34=pu   из PI-*34-TE              == pi-pu-te           NAME_SLOT
     *34=ru   из PI-*34-TE              == pi-ru-te           NAME_SLOT
     *34=te   из U-*34-SI               == u-te-si            
*314: 2 голосов, значения: {'ti': 1, 'qa': 1}
     *314=ti   из *314-TA-MA             == ti-ta-ma           
     *314=qa   из RA-*314-RA             == ra-qa-ra           
*301: 1 голосов, значения: {'ko': 1}
     *301=ko   из *301-U-RA              == ko-u-ra            
*309C: 1 голосов, значения: {'ku': 1}
     *309C=ku   из *309C-RU-KA            == ku-ru-ka           NAME_SLOT
*324: 1 голосов, значения: {'pe': 1}
     *324=pe   из *324-DI-RA             == pe-di-ra           
*810: 1 голосов, значения: {'e': 1}
     *810=e    из *810-PI-KA             == e-pi-ka            
*325: 1 голосов, значения: {'ro': 1}
     *325=ro   из A-*325-ZA              == a-ro-za            
*118: 1 голосов, значения: {'ro': 1}
     *118=ro   из I-QA-*118              == i-qa-ro            
*342: 1 голосов, значения: {'de': 1}
     *342=de   из PA-*342-I              == pa-de-i            

нуль (Null-B, R=2000): всего голосов 27.5 (наблюдаемо 18, p=0.8860)
знаков с >=2 согласными голосами: наблюдаемо 0, нуль 0.25, p=1.0000
