(1) кураторские таблички в разметке Хогана:
   KA-PA        ['HT6a:Single Named Commodity Inter-Entity Transfer List', 'HT8b:Hybrid Commodity/Entity List', 'HT94a:Transfer List', 'HT102:Single Named Commodity Inter-Entity Transfer List', 'HT105:Transfer List']
      его роли слова: {'recipient': 5}
   A-KA-RU      ['HT2:Transfer List', 'HT86a:Single Named Commodity Inter-Entity Transfer List', 'HT86b:Single Named Commodity Inter-Entity Transfer List']
      его роли слова: {'recipient': 2, 'sender': 1}
   JE-DI        ['HT8a:Single-Commodity Transfer List', 'HT36:Transfer List', 'HT122b:Single Named Commodity Inter-Entity Transfer List']
      его роли слова: {'recipient': 2, 'sender': 1}
   *21F-TU-NE   ['HT7b:Single Named Commodity Inter-Entity Transfer List', 'HT87:Multiple Entity Heading and Entity List']
      его роли слова: {'(без роли)': 1, 'recipient': 1}

(2) микроконтекст кураторов (токен сразу после):
   KA-PA        {'ЧИСЛО': 2, 'LB': 2, 'DIV': 1, 'ЛОГО:VIR+[?]': 1}
   A-KA-RU      {'DIV': 3}
   JE-DI        {'DIV': 2, 'ЛОГО:OLE+KI': 1, 'ЛОГО:*307+*387-GRA+QE': 1}
   *21F-TU-NE   {'DIV': 2, 'ЧИСЛО': 1}

(3) контроль — первые слова длинных HT-документов (не кураторы):
   MA             HT3      Хоган:—                      роли:{'recipient': 1}
   WA-DU-NI-MI    HT6b     Хоган:Single Named Commodity Inter-Entity Transfer List роли:{'recipient': 1, 'sender': 1}
   SA-RO          HT9a     Хоган:Single Named Commodity Inter-Entity Transfer List роли:{'sender': 4}
   PA3            HT9b     Хоган:Single Unnamed Commodity Inter-Entity Transfer List роли:{}
   KU-NI-SU       HT10a    Хоган:Single Unnamed Commodity Inter-Entity Transfer List роли:{'sender': 2, 'recipient': 3}
   DE-NU          HT11b    Хоган:Multiple-Commodity Inter-Entity Transfer List роли:{'sender': 1}

Чтение: если Хоган независимо типизирует кураторские таблички одним
семейством и/или даёт кандидатам агентные роли — внешняя опора класса;
контрольные уникальные заголовки должны вести себя иначе (имена-гапаксы).
Дескриптивно; чтения не приписываются.
