HT-документов (>=2 слов, адм.): 168
=== KA-PA — 6 вхождений ===
   HT6a       поз=перв  слов=11      логогр.1 далее=—
   HT8b       поз=сред  слов=5       логогр.1 далее=ЧИСЛО
   HT94a      поз=перв  слов=9       логогр.3 далее=VIR+[?]
   HT102      поз=перв  слов=8   GRA логогр.2 далее=—
   HT105      поз=перв  слов=2       логогр.1 далее=—
   HT140      поз=посл  слов=11      логогр.1 далее=ЧИСЛО
=== A-KA-RU — 3 вхождений ===
   HT2        поз=перв  слов=2       логогр.1 далее=—
   HT86a      поз=перв  слов=8   GRA логогр.1 далее=—
   HT86b      поз=перв  слов=4   GRA логогр.1 далее=—
=== JE-DI — 4 вхождений ===
   HT8a       поз=перв  слов=7       логогр.1 далее=OLE+KI
   HT36       поз=перв  слов=2       логогр.1 далее=*307+*387-
   HT122b     поз=перв  слов=9       логогр.1 далее=—
   HT140      поз=сред  слов=11      логогр.1 далее=—
=== *21F-TU-NE — 3 вхождений ===
   HT7b       поз=перв  слов=2       логогр.0 далее=ЧИСЛО
   HT87       поз=перв  слов=9       логогр.0 далее=—
   HT117b     поз=перв  слов=3       логогр.0 далее=—

покрытие HT-документов кураторами-кандидатами: 15/168 (9%; KN-коллекторы в D-сериях ~30% — внешняя справка)

Чтение: если кандидаты ведут себя как коллекторы (первая позиция,
многословные документы, товарные логограммы, повтор между табличками) —
у HT есть аналог «кураторского» слоя; дескриптивно, класс = кандидат.
