документов SigLA с периодом: 726; сматчено с корпусом: 687

сайт × ведро (документы корпуса):
сайт       MM   LM
ARKH        0   10
GO          0    2
HT          0  326
KE          0    1
KH          0  202
KN          9   13
MA         18    0
MI          0    1
PA          0    1
PE          0    2
PH         52    0
PK          0    1
TY          0    3
ZA          0   44
сайты с обоими вёдрами (>=5/>=5): ['KN']

документов с метриками: 131 (MM 5, LM 126)

ГЛОБАЛЬНО (конфаундировано сайтом!): Δ(LM−MM), p двусторонние (R=10000):
  доля -JA     Δ=+0.030  p=0.7926  |Z|=0.69
  доля A-      Δ=-0.170  p=0.0690  |Z|=1.74
  ср. длина    Δ=-1.390  p=0.0015  |Z|=4.11
  *301/слово   Δ=+0.009  p=1.0000  |Z|=0.48
  семейный max-|Z|: p=0.0108

СТРАТИФИЦИРОВАННО по сайту: Δ(LM−MM), p двусторонние (R=10000):
  доля -JA     Δ=+0.030  p=1.0000  |Z|=н/д (нулевая дисперсия перестановок)
  доля A-      Δ=-0.170  p=1.0000  |Z|=3.48
  ср. длина    Δ=-1.390  p=0.3358  |Z|=4.63
  *301/слово   Δ=+0.009  p=1.0000  |Z|=н/д (нулевая дисперсия перестановок)
  семейный max-|Z|: p=1.0000

Чтение: стратифицированный тест — единственный чистый (внутри сайта);
если сайтов с обоими вёдрами нет, перестановки внутри одноведёрных сайтов
не меняют меток и честно дают p≈1 — фиксируем как «диахрония недоступна
на текущем пересечении корпусов», это результат о данных, не о языке.
