тест                                              эффект      Z        p            95% CI p
V/CV AUC=0.910 (точное перечисление)                   —      —  0.00049   [0.00046, 0.00051]
                                          источник: §D + аудит: p=0.00049 точное
Ономастикон DĀMOS (§DH, первичная)                  ×8.8    6.5  0.00020   [0.00002, 0.00072]
                                          источник: onomasticon_damos.log
  устойчивость: Null-LP                             ×8.1    6.2  0.00020   [0.00002, 0.00072]
                                          источник: onomasticon_nulls.log
  устойчивость: Null-MK                             ×5.2    4.5  0.00120   [0.00062, 0.00210]
                                          источник: onomasticon_nulls.log
Пломбы №3: повторяемость (§DN)                      ×3.0    3.5  0.00250   [0.00162, 0.00369]
                                          источник: roundels2.log
to-so-de предпоследний (§DP)                        ×4.4      —  0.00010   [0.00000, 0.00056]
                                          источник: lb_record_syntax.log (p̃сем)
KU-RO финал, строгий (§DF)                          ×2.2      —  0.00140   [0.00077, 0.00235]
                                          источник: record_syntax2.log (p̃сем=0.0143)
Формула-инициаль, строгий (§DF)                     ×2.9      —  0.00220   [0.00138, 0.00333]
                                          источник: record_syntax2.log (p̃сем=0.0217)

Чтение: CI — Клоппера–Пирсона по числу превышений b из R перестановок
(для точного перечисления V/CV интервал вырожден в точное значение);
Z и обогащение — где доступны μ₀/σ₀ из логов. p разведочные, кроме
предрегистрированных (§DH, §DN) и точного V/CV.
