=== 1. масштаб ===
надписей: 5842; токенов: 7796; типов: 5029; гапаксов: 3929 (78%)
LA для сравнения: 1721 надпись, 900 лексиконных токенов, 618 типов, гапаксов 82%
с переводом: 2445 (42%) — валидационный набор, которого у LA нет

=== 2. формульность ===
топ-биграммы: [('mi mulu', 8), ('-- --', 8), ('cn ceriχunce', 7), ('ecn turce', 7), ('e v', 6), ('na s', 5), ('v z', 5), ('larθal clan', 5)]
покрытие топ-10 шаблонов (первые 6 слов, K=известное слово): 96%

=== 3. операторы (аналог §BC) ===
   mi       × 170  нач  89%  фин  24%
   clan     ×  19  нач   0%  фин  37%
   sec      ×   2  нач  50%  фин  50%
   avils    ×  16  нач   0%  фин   0%
   ril      ×   5  нач  20%  фин  40%
   lupu     ×  10  нач  10%  фин  80%
   lupuce   ×   5  нач  40%  фин  80%
   zilath   ×   4  нач 100%  фин  75%
   turuce   ×   5  нач  40%  фин  40%
   turce    ×  26  нач  27%  фин  42%
   suthi    ×   6  нач  33%  фин  67%
   puia     ×  17  нач  47%  фин  65%
   zilc     ×   4  нач  50%  фин  50%

=== 4. морфология: суффиксы генитивов (калибровочный замер) ===
   -s    типов с суффиксом:   876 (токенов 1221)
   -al   типов с суффиксом:   317 (токенов 451)
   -sa   типов с суффиксом:   214 (токенов 312)
   -us   типов с суффиксом:    96 (токенов 141)
   -ns   типов с суффиксом:    21 (токенов 32)
   -ial  типов с суффиксом:   125 (токенов 194)
   -ns   типов с суффиксом:    21 (токенов 32)
паттерн «X-al + clan/sec» (генитив родителя + „сын/дочь“): ×11
