union слот-имён: 2053; union лексикон: 5015

наблюдаемые финальные варианты (мишень — слот-имена):
   -e → -o: 4
   -u → -o: 4
   -a → -o: 3
   -u → -a: 2
   -e → -a: 1
   -o → -u: 1
   -e → -i: 1
      A-RA-NA-RE           → a-ra-na-ro (['HT1'])
      A-TI-RU              → a-ti-ro (['ZA4a'])
      DI-DE-RU             → di-de-ro (['HT86a', 'HT95a'])
      KA-SA-RU             → ka-sa-ro (['HT10b'])
      KU-NI-TE             → ku-ni-ta (['KH92'])
      KU-RU-KU             → ku-ru-ka (['HT87'])
      PA-JA-RE             → pa-ja-ro (['HT29', 'HT88'])
      QA-QA-RU             → qa-qa-ro (['HT118', 'HT122b'])
      QA-RA2-WA            → qa-ra2-wo (['HT86a'])
      QA-TI-JU             → qa-ti-ja (['ZA14'])
      SA-MA-RO             → sa-ma-ru (['HT88'])
      SE-TO-I-JA           → se-to-i-jo (['PRZa1'])
      SU-KI-RI-TA          → su-ki-ri-to (['PHWa32'])
      TA-NA-TE             → ta-na-ti (['ZA10a'])
      TA-NA-TE             → ta-na-to (['ZA10a'])
      TE-JA-RE             → te-ja-ro (['HT117a'])

всего вариантных попаданий: 16 (нуль 6.69±2.59, p=0.0018)
пара     набл.  нуль μ        p    p_max
-a→-o        3    1.86   0.2857   0.4724
-e→-a        1    0.38   0.3184   0.9991
-e→-i        1    0.09   0.0868   0.9991
-e→-o        4    1.31   0.0423   0.1774
-o→-u        1    0.01   0.0090   0.9991
-u→-a        2    0.21   0.0193   0.8629
-u→-o        4    0.89   0.0114   0.1774

агрегат по ЦЕЛЕВОЙ гласной (семейство из 5):
→гласная   набл.  нуль μ        p   p_max5
→ -a           3    0.95   0.0704   0.8883
→ -i           1    0.23   0.2095   0.9991
→ -o          11    5.03   0.0147   0.0147 *
→ -u           1    0.16   0.1483   0.9991

Чтение: гипотеза §BX заявлена как a→o; p(a→o) — её прямой тест; p_max —
контроль по 20 парам, p_max5 — по 5 целевым гласным (естественная
агрегация «к чему приводится финал»). p разведочные; правило (если
выживет) формулируется как «кандидат правила адаптации» без
фонологических утверждений о направлении заимствования.
