товарных проверок: 20
   A-KA-NU-ZA-TI    GRA   0/1  p=1.0000
   A-KI-PI-E-TE     GRA   1/1  p=0.1338
   A-SA-MU-NE       OLE   0/1  p=1.0000
   A-SI-JA-KA       NI    0/2  p=1.0000
   DA-SE-RA-TE      OLIV  0/1  p=1.0000
   DU-MI-TA-TI-RA2  GRA   0/1  p=1.0000
   I-KU-RI-NA       VIN   0/1  p=1.0000
   KA-RO-NA         VIN   0/1  p=1.0000
   KI-RE-TA-NA      GRA   2/3  p=0.0480 *
   KI-RE-TA2        GRA   1/2  p=0.2501
   KI-RI-TA2        GRA   2/2  p=0.0175 *
   KU-NI-SU         GRA   3/5  p=0.0184 *
   KU-PA3-NA-TU     GRA   0/2  p=1.0000
   QA-RE-TO         GRA   0/1  p=1.0000
   QE-PI-TA         GRA   0/1  p=1.0000
   SI-RU-TE         OLIV  0/4  p=1.0000
   TA2-TI-TE        GRA   0/1  p=1.0000
   TI-DA-TA         GRA   0/1  p=1.0000
   TI-DI-TE-QA-TI   GRA   0/1  p=1.0000
   U-NA-KA-NA-SI    GRA   0/2  p=1.0000

значимых (p<0.05): 3, из них зерновых: 3
глобально: P(>= 3 значимых) = 0.0004; P(>= 3 и все зерновые) = 0.0003

=== метрологический арбитр (профиль чисел в документах) ===
кто                    чисел   целые  бинарн. 12-ричн.  прочее
база GRA-документов      236     84%      10%       5%      1%
база OLE-документов      235     74%      15%       9%      3%
KU-NI-SU                  28     93%       7%       0%      0%
KI-RI-TA2                 11    100%       0%       0%      0%
KI-RE-TA-NA               18     67%      28%       0%      6%
KI-RE-TA2                 17     94%       6%       0%      0%
SI-RU-TE (контроль)        —

Чтение: (1) p точные гипергеометрические, глобальные — симуляция
независимых нулей; (2) арбитр дескриптивный: профиль чисел зерновых
кандидатов должен быть ближе к GRA-базе (целые/бинарные), чем к OLE
(12-ричная примесь). p разведочные.
