=== (а) слова списков HT86/95 ===
слово         GRA        p  чисел  целые  бинарн  12-р
SA-RU     3/   6   0.0269     43    79%     16%    5%
MI-NU-TE  2/   4   0.0759     23    96%      4%    0%
DA-ME     3/   4   0.0064     24    96%      0%    0%
A-KA-RU   2/   3   0.0412     14   100%      0%    0%
PA-SE     2/   2   0.0149     12   100%      0%    0%

=== (б) арбитры нетоварных доменов ===
--- домен action (ожидание: перекос к финалу/второй позиции) ---
слово           концепт                 n   нач    вт   фин
(кандидатов action с n>=4: 0)
позитивные контроли (операторы §BC):
   KU-RO        n=36   нач 8% / вт 8% / фин 39%
   A-DU         n=9    нач 67% / вт 11% / фин 0%
   TE           n=28   нач 29% / вт 54% / фин 14%
   SA-RA2       n=19   нач 5% / вт 58% / фин 11%

--- домен ritual (ожидание: концентрация в Z*-объектах) ---
база: 94/365 документов религиозные
слово             концепт               religion        p
KA-KU-PA          star                0/     3   1.0000
PA-JA-RE          fire-ritual         0/     4   1.0000
PA-SE-JA          soul-spirit         0/     2   1.0000
SI-DA-RE          star|to-write       0/     2   1.0000
ZU-DI-RA          star|to-write       0/     2   1.0000

Чтение: p точные гипергеометрические, разведочные; арбитры (позиция для
action, регистр для ritual) — вторичные фильтры тумана; ни одна строка
не «перевод».
