документов с формульными словами: 26

документ  сайт  период SigLA  тип             ключевое слово
IOZa12    IO    —             —               JA-SA-SA-RA-ME
IOZa16    IO    —             —               JA-SA-SA-RA-ME
IOZa2     IO    —             —               A-TA-I-*301-WA-JA
IOZa3     IO    —             —               A-TA-I-*301-WA-JA
IOZa6     IO    —             —               JA-SA-SA-RA-ME
IOZa7     IO    —             —               A-TA-I-*301-WA-JA
IOZa8     IO    —             —               A-NA-TI-*301-WA-JA
IOZa9     IO    —             —               JA-SA-SA-RA-ME
IOZb10    IO    —             —               A-SA-SA-RA-ME
KHZc106   KH    —             —               SA-SA-RA-ME
KNZa10    KN    LM IA         —               JA-SA-SA-RA-MA-NA
KOZa1     KO    —             —               A-TA-I-*301-WA-JA
PKZa11    PK    —             —               A-TA-I-*301-WA-E
PKZa12    PK    —             —               A-TA-I-*301-WA-JA
PKZa14    PK    —             —               JA-SA-SA
PKZa27    PK    —             —               JA-SA-SA-RA-ME
PKZa4     PK    —             —               A-SA-SA-RA
PLZf1     PL    —             —               JA-SA-SA-RA-ME
POZc1     PO    —             —               RI-QE-TI-A-SA-SA-RA-*325
PSZa2     PS    —             Libation table  JA-SA-SA-RA-ME
SYZa1     SY    —             —               A-TA-I-*301-WA-JA
SYZa2     SY    —             —               A-TA-I-*301-WA-JA
SYZa3     SY    —             —               A-TA-I-*301-WA-JA
SYZa4     SY    —             Libation table  A-TA-I-*301-WA-JA
SYZa8     SY    —             —               A-TA-I-*301-WA-JA
TLZa1     TL    —             —               A-TA-I-*301-WA-JA

с датировкой: 1/26
период × сайт формульных документов: {('LM IA', 'KN'): 1}

Чтение: SigLA покрывает в основном административные носители (таблички
HT/KH); если формульный корпус остаётся недатированным — фиксируем это
как границу слоя, слот-2 во времени отложен до расширения датировок
(изданиями Za-объектов).
