записей с дробной частью: 273 (слова: 64, логограммы: 209)

=== инвентарь дробных номиналов ===
      1/2: 103  (диадич.)
      1/4:  47  (диадич.)
      1/6:  26  (триадич./смеш.)
      3/4:  25  (диадич.)
     1/16:  22  (диадич.)
      1/3:  19  (триадич./смеш.)
      1/5:  16  (триадич./смеш.)
      1/8:   8  (диадич.)
      3/8:   5  (диадич.)
    13/20:   2  (триадич./смеш.)

по сайтам (доля триадических знаменателей 3/6/12/24):
   HT    n=174, триадических 18%
   KH    n= 57, триадических 18%
   PE    n=  8, триадических 12%
   PH    n=  7, триадических 14%
   TY    n=  6, триадических 0%
   ZA    n= 12, триадических 0%

=== MI(слово, номинал): слов с >=2 дробными вхождениями: 5, токенов 11 ===
MI=1.176 бит, перестановочный p=0.5120 (R=10000, seed=42)
слова с повторяющимся одинаковым номиналом:
   KA-PA: 1/2 ×2  ['HT8b', 'HT140']
   SI-PI-KI: 1/2 ×2  ['ZA5b', 'ZA15a']

=== дробные части при логограммах-товарах (прямые записи товар+дробь) ===
   CYP        n= 37 триад. 19%  [1/2×17, 1/4×7, 1/3×5, 1/16×3]
   OLE        n= 33 триад. 36%  [1/2×11, 1/6×8, 1/3×4, 1/5×4]
   NI         n= 18 триад. 22%  [1/2×6, 1/4×5, 1/3×2, 1/5×2]
   VIN        n= 12 триад. 25%  [1/2×6, 1/6×3, 1/5×1, 1/16×1]
   GRA        n= 11 триад. 0%  [1/2×7, 1/4×2, 1/16×1, 3/4×1]
   *308       n=  9 триад. 33%  [1/6×2, 1/2×2, 1/4×2, 1/3×1]
   QA2        n=  7 триад. 14%  [1/16×3, 1/4×2, 1/5×1, 1/6×1]
   *304       n=  7 триад. 14%  [3/4×2, 1/2×2, 1/4×2, 1/6×1]
   OLIV       n=  7 триад. 14%  [1/4×3, 1/2×2, 1/6×1, 1/5×1]
   MI         n=  6 триад. 50%  [1/6×2, 1/5×2, 1/3×1, 1/2×1]
   SI         n=  4 триад. 0%  [1/4×2, 3/4×1, 1/2×1]
   WA         n=  3 триад. 33%  [1/4×2, 1/3×1]
   KU         n=  3 триад. 0%  [1/4×3]
   *904       n=  3 триад. 0%  [1/2×1, 1/4×1, 3/8×1]
   *401       n=  3 триад. 0%  [1/16×2, 1/5×1]
GRA (0/11 триад.) против OLE (12/33): Фишер p=0.0209
ZA (0/12) против HT (31/174): Фишер p=0.2223
