многофинальных основ (токен-уровень): 29
пар вхождений с разными финалями: 69; из них на разных сайтах: 52 (75%)
нуль (перестановка сайтов внутри основ): 64.37%±4.92%, p=0.0373

сайт-профили основ с разными финалями:
   A-DA             RA:{'KN': 1}; RO:{'ARKH': 1}
   A-MI-DA          O:{'PH': 1}; U:{'ZA': 1}
   A-RA             JU:{'HT': 1}; TU:{'ZA': 1}
   A-RI             PA:{'PE': 1}; SU:{'HT': 1}
   A-TA             *350:{'KH': 1}; DE:{'CR': 1}; RE:{'ZA': 1}
   A-TA-I-*301-WA   E:{'PK': 1}; JA:{'IO': 3, 'KO': 1, 'PK': 1, 'SY': 2, 'TL': 1}
   A-TA-NA          JE:{'THE': 1}; TE:{'ZA': 1}
   DA-NA            SI:{'HT': 1}; TU:{'ARKH': 1}
   DA-TA            RA:{'HT': 1}; RE:{'HT': 1}
   DI-NA            RO:{'HT': 1}; U:{'HT': 4, 'KN': 1}
   I-DA             A:{'KO': 1}; DA:{'CR': 1}; MI:{'SY': 1}
   JA-SA            JA:{'KN': 1}; MU:{'ZA': 1}
   KI-DA            RO:{'HT': 1}; TA:{'HT': 1}
   KI-RE            TA2:{'HT': 2}; ZA:{'ZA': 1}
   KI-RI            SI:{'TY': 1}; TA2:{'HT': 2}
   KU-NI            SU:{'HT': 5}; TE:{'KH': 1}
   KU-PA            JA:{'HT': 1}; RI:{'PE': 1}; ZU:{'KH': 1}
   KU-PA3           NU:{'HT': 6, 'PH': 1}; PA3:{'HT': 1}
   KU-RU            KU:{'HT': 1}; MA:{'HT': 1}
   MA-KA-I          SE:{'ZA': 1}; TA:{'PK': 1, 'ZA': 1}
   MI-DA            NI:{'HT': 1}; RA:{'PK': 1}
   PA3-NI           NA:{'HT': 2}; WI:{'SY': 1}
   PI-TA            JA:{'HT': 1}; RA:{'HT': 1}
   QA-QA            DA:{'PE': 1}; RU:{'HT': 3}
   QA-TI            JU:{'ZA': 1}; KI:{'KH': 1}
   SI-DA            RE:{'HT': 2}; RO:{'GO': 1}; TE:{'ARKH': 1}
   SI-KI            NE:{'HT': 1}; RA:{'HT': 1}
   TA-NA            TE:{'ZA': 1}; TI:{'HT': 3}
   TI-TI            KU:{'HT': 1, 'ZA': 1}; MA:{'PH': 1}

Чтение: p разведочное, односторонний (избыток «разных сайтов» у разных
финалей = гео-обусловленность вариантов). Значимость поддержала бы
«региональную вариантность» §CI на всём материале; незначимость вернула
бы вес морфологической интерпретации.
