физических табличек с полными словами: 329; с GRA: 41

слово        табл.  GRA   p(все) p(сайт-блок)  таблички
KU-NI-SU         3    2   0.0420       0.1258  ['HT10', 'HT86', 'HT95']
KI-RI-TA2        2    2   0.0152       0.0489  ['HT114', 'HT121']
KI-RE-TA-NA      3    2   0.0420       0.1258  ['HT108', 'HT120', 'HT8']
KI-RE-TA2        2    1   0.2340       0.3987  ['HT129', 'HT85']
DI-DE-RU         2    2   0.0152       0.0489  ['HT86', 'HT95']
QA-RA2-WA        1    1   0.1246       0.2238  ['HT86']
SA-RU            4    2   0.0773       0.2164  ['HT123+124', 'HT86', 'HT94', 'HT95']
DA-ME            3    3   0.0018       0.0104  ['HT120', 'HT86', 'HT95']
A-KA-RU          2    1   0.2340       0.3987  ['HT2', 'HT86']
MI-NU-TE         3    2   0.0420       0.1258  ['HT106', 'HT86', 'HT95']
PA-SE            2    2   0.0152       0.0489  ['HT18', 'HT27']

значимых (p<0.05): на всём пуле 7, при сайт-блокировке 4 (из 11)

ВЕРДИКТ (по аудиту Sol): на уровне физической таблички с сайт-блокировкой
зерновой класс статистической значимости НЕ имеет — семейное P=0.0003
(§CT) ретрагировано; класс сохраняется как когерентный разведочный
(фонетика культурных слов + структура списков HT86/95 + чистая
метрология), требующий подтверждения на новых табличках. Единица
независимости всех будущих документных тестов — физическая табличка.
