документов >=3 слов: 246
типов первых слов: 191 на 246 документов

топ первых слов (>=3 документов):
   SI                 ×7   сайтов 5 
   A-TA-I-*301-WA-JA  ×7   сайтов 5 оператор A-
   TE                 ×6   сайтов 3 оператор
   NI                 ×5   сайтов 2 
   A-DU               ×5   сайтов 2 оператор A-
   TA                 ×4   сайтов 4 
   KA-PA              ×3   сайтов 1 
   RE                 ×3   сайтов 3 
   A                  ×3   сайтов 3 A-

доля документов с повторным первым словом: 0.35 (нуль 0.37±0.03, p=0.7563)

пары «заголовок + оператор второй позиции»:
   HT9a       SA-RO + TE
   HT13       KA-U-DE-TA + TE
   HT19       RA-*164-TI + TE
   HT21       PI-TA-KA-SE + TE
   HT30       SI + SA-RA2
   HT32       *307 + SA-RA2
   HT40       NU-DU-*331 + TE
   HT42+59    TA + TE
   HT51a      NI + TE
   HT52a      SA-MA + TE
   HT62+73    SA-RA + TE
   HT63       *305 + TE
   HT70       NI + TE
   HT90       I-KU-RI-NA + SA-RA2
   HT99a      A-DU + SA-RA2
   HT101      ZU-*22F-DI + SA-RA2
   HT102      KA-PA + SA-RA2
   HT114a     KI-RI-TA2 + SA-RA2
   HT116a     U-TA-RO + TE
   HT121      KI-RI-TA2 + SA-RA2
   HT130      SI + SA-RA2
   PEZg6      I-NA + TE
заголовков перед TE/SA-RA2: 22 токенов, 19 типов; повторные: {'SI': 2, 'NI': 2, 'KI-RI-TA2': 2}
из них якорей: нет; на A-: ['A-DU']

Чтение: p разведочное; нуль (перестановка внутри документа) сохраняет
словарь и частоты, поэтому избыток повторов первых слов = свойство именно
ПОЗИЦИИ, а не лексикона. Разметка якорей — по §BN.
