=== профили двузнаковых слов (free × расширения) ===
   KU-RO    свободно ×30, префикс 0 слов, финаль 1 слов, море=30
   A-DU     свободно ×7, префикс 3 слов, финаль 0 слов, море=21
   SA-RA2   свободно ×19, префикс 0 слов, финаль 1 слов, море=19
   DA-RE    свободно ×6, префикс 0 слов, финаль 3 слов, море=18
   KI-RO    свободно ×13, префикс 0 слов, финаль 1 слов, море=13
   KU-PA    свободно ×3, префикс 3 слов, финаль 1 слов, море=12
   SI-KA    свободно ×6, префикс 0 слов, финаль 2 слов, море=12
   I-DA     свободно ×2, префикс 5 слов, финаль 0 слов, море=10
   A-SE     свободно ×4, префикс 2 слов, финаль 0 слов, море=8
   A-RI     свободно ×2, префикс 3 слов, финаль 0 слов, море=6
   SI-TE    свободно ×2, префикс 1 слов, финаль 2 слов, море=6
   SA-RU    свободно ×6, префикс 0 слов, финаль 1 слов, море=6

I-DA: (2, 5, 0); PU2-RE: None
score I-DA (free × префиксные расширения) = 10
нуль: P(какое-нибудь 2-знаковое слово с score >= I-DA) = 0.1895; P(именно I-DA) = 0.0000 (R=2000)

=== география I-DA-семейства ===
   I-DA               PKZa18       PK    rel  Stone vessel
   I-DA               ZA24a        ZA    tab  Tablet
   I-DA-A             KOZa1        KO    rel  Stone vessel
   I-DA-DA            CRZg4        CR    rel  Stone object
   I-DA-MA-TE         ARZf1        AR    rel  Metal object
   I-DA-MI            SYZa1        SY    rel  Stone vessel
   I-DA-PA3-I-SA-RI   PH6          PH    tab  Tablet
сайтов: 7 {'PK': 1, 'ZA': 1, 'KO': 1, 'CR': 1, 'AR': 1, 'SY': 1, 'PH': 1}
носители: {('rel', 'Stone vessel'): 3, ('tab', 'Tablet'): 2, ('rel', 'Stone object'): 1, ('rel', 'Metal object'): 1}
доля rel-контекстов: 71% (фон лексикона ~17%)
