ядер (len>=2) с >=2 двузнаковыми окончаниями: 14
   A-RA           + {NA-RE, TU-ME, U-DA}
   A-TA-I-*301    + {DE-KA, WA-E, WA-JA}
   MA-KA          + {I-SE, I-TA, RI-TE}
   A-MI           + {DA-O, DA-U}
   A-RE           + {DA-I, SA-NA}
   A-SA           + {DA-KA, MU-NE}
   A-SA-SA        + {*802-ME, RA-ME}
   A-SI           + {JA-KA, KI-RA}
   A-TA           + {NA-JE, NA-TE}
   DA-DU          + {MA-TA, MI-NE}
   DI-DI          + {KA-SE, ZA-KE}
   KA-U           + {DE-TA, ZU-NI}
   KU-PA3         + {NA-TU, RI-JA}
   PI-TA          + {KA-SE, KE-SI}
нуль: 5.6±2.1, p=0.0002

пар окончаний с >=2 общими ядрами: 0
   нет — колонки не кристаллизуются и на двузнаковых окончаниях

Чтение: p разведочное. Появление пар окончаний с >=2 ядрами = первые
«колонки» решётки (аналог триплетов Кобер); их отсутствие = честная
граница нынешнего корпуса.
