LB-словарь 3694; классы: {'OTHER': 2119, 'NAME': 1488, 'GREEK': 59, 'TOP': 28}

наблюдаемые совпадения (длина × класс):
   длина 2 × GREEK: 1
   длина 2 × NAME: 11
   длина 2 × OTHER: 17
   длина 3 × NAME: 2
   длина 3 × OTHER: 5
   длина 3 × TOP: 1
   длина >=4 × NAME: 1
   длина >=4 × TOP: 2

=== длина × класс: наблюдаемо против нуля (Null-B, R=10000) ===
   длина 2   TOP   : наблюдаемо  0, нуль  0.30±0.54, p=1.0000
   длина 2   GREEK : наблюдаемо  1, нуль  0.20±0.44, p=0.1835
   длина 2   NAME  : наблюдаемо 11, нуль 15.25±3.66, p=0.9057
   длина 2   OTHER : наблюдаемо 17, нуль 18.60±3.95, p=0.6948
   длина 3   TOP   : наблюдаемо  1, нуль  0.02±0.13, p=0.0162 *
   длина 3   GREEK : наблюдаемо  0, нуль  0.04±0.21, p=1.0000
   длина 3   NAME  : наблюдаемо  2, нуль  0.81±0.90, p=0.1958
   длина 3   OTHER : наблюдаемо  5, нуль  1.45±1.18, p=0.0149 *
   длина >=4 TOP   : наблюдаемо  2, нуль  0.00±0.02, p=0.0000 *
   длина >=4 GREEK : наблюдаемо  0, нуль  0.00±0.01, p=1.0000
   длина >=4 NAME  : наблюдаемо  1, нуль  0.01±0.09, p=0.0088 *
   длина >=4 OTHER : наблюдаемо  0, нуль  0.02±0.13, p=1.0000

=== агрегат: длинные (>=3) по классам ===
   NAME  : наблюдаемо 3, нуль 0.82, p=0.0516
   TOP   : наблюдаемо 3, нуль 0.02, p=0.0000
   GREEK : наблюдаемо 0, нуль 0.04, p=1.0000
   OTHER : наблюдаемо 5, нуль 1.47, p=0.0160
   NAME+TOP: наблюдаемо 6, нуль 0.84, p=0.0002
