=== профили кандидатов ===

--- PA-I-TO ---
   HT97a        HT   Tablet         запись     число=6                         [KA-NU-TI _ DI]
   HT120        HT   Tablet         запись     число=16/5                      [GRA+PA _ None]

--- SE-TO-I-JA ---
   PRZa1        PR   Stone vessel   запись     без числа                       [TA-NA-SU-TE-KE _ A-SA-SA-*802-ME]

--- SU-KI-RI-TA ---
   PHWa32       PH   Nodule         ЗАГОЛОВОК  без числа                       [None _ None]

--- DA-I-PI-TA ---
   ZA8          ZA   Tablet         запись     число=5/2                       [MA-KA-I-SE _ KA-I-RO]
   ZA10a        ZA   Tablet         запись     число=1                         [A-DU-KU-MI-NA _ DU-RE-ZA-SE]

--- PA-RA-NE ---
   HT115a       HT   Tablet         запись     число=1                         [SE-KU-TU _ A-SE-JA]
   HT115b       HT   Tablet         запись     число=1/2                       [RU _ TI-NU-JA]

--- I-TA-JA ---
   HT28a        HT   Tablet         запись     без числа                       [OLE+DI _ OLE+DI]

--- KI-DA-RO ---
   HT47a        HT   Tablet         запись     без числа                       [PI _ MI-NU-MI]
   HT117a       HT   Tablet         запись     число=1                         [DA-NE-KU-TI _ None]

--- TA-NA-TI ---
   HT7a         HT   Tablet         запись     число=1                         [DU-JA _ DA-RE]
   HT10b        HT   Tablet         запись     число=37/4                      [KA-SA-RU _ None]
   HT49a        HT   Tablet         запись     число=1                         [RA2-DU _ RI]
   HT98a        HT   Tablet         запись     число=3/4                       [TU _ DI-RE-DI-NA]

--- DA-MA-TE ---
   KYZa2        KY   Stone vessel   ЗАГОЛОВОК  без числа                       [None _ None]

--- I-JA-TE ---
   PHZb4        PH   Clay vessel    запись     без числа                       [SI-MA _ None]

--- A-RO-TE ---
   CRZg4        CR   Stone object   запись     без числа                       [I-DA-DA _ None]

сводно по 18 вхождениям кандидатов: с числом 11/18, заголовков 2, в окне KU-RO 0, в rel-документах 4
фон лексикона: с числом 409/900 (45%)

ZA8 (ZA, Tablet, писец ZA Scribe 2): KI-RA • / A-TA-RE • NI 1/2 / KU-TU-KO-RE 0 / A-RI-NI-TA 1 / TA-I-NU-MA-PA 1/2 / MA-KA-I-SE 2 / DA-I-PI-TA 5/2 / KA-I-RO 4

ZA10a (ZA, Tablet, писец ZA Scribe 4): TA-NA-TE 2 / PA 1 / A-KU-MI-NA 1 / A-TA-NA-TE 1 / A-MI-DA-U 1 / A-DU-KU-MI-NA 1 / DA-I-PI-TA 1 / DU-RE-ZA-SE 2

ZA10b (ZA, Tablet, писец ZA Scribe 4): WA-*362 2 / DU-RE-ZA-SE *131B 5 / U-*49 6 / MA-ZA 5 / MA-KI-DE-TE 5 / SA-MA 5 / A-DE 4 / A-MI-TA 3 / RA2-RO-RE 2 / PA-JA-RE 1 / KA-KU-NE-TE 1/2 / TA 2 / DU 1
