union лексикон LB: 5015; union слот-имён: 2053 (слот-имена ⊂ лексикон: 0 вне)

совпадений всего: 48; длинных >=3: 11; из них в union слот-именах: 6
   da-i-pi-ta         len=4 LA×2 ['ZA10a', 'ZA8'] [СЛОТ-ИМЯ]
   se-to-i-ja         len=4 LA×1 ['PRZa1']
   su-ki-ri-ta        len=4 LA×1 ['PHWa32']
   a-ro-te            len=3 LA×1 ['CRZg4']
   da-ma-te           len=3 LA×1 ['KYZa2']
   i-ja-te            len=3 LA×1 ['PHZb4'] [СЛОТ-ИМЯ]
   i-ta-ja            len=3 LA×1 ['HT28a'] [СЛОТ-ИМЯ]
   ki-da-ro           len=3 LA×1 ['HT117a'] [СЛОТ-ИМЯ]
   pa-i-to            len=3 LA×2 ['HT120', 'HT97a']
   pa-ra-ne           len=3 LA×2 ['HT115a', 'HT115b'] [СЛОТ-ИМЯ]
   ta-na-ti           len=3 LA×3 ['HT10b', 'HT7a', 'HT98a'] [СЛОТ-ИМЯ]
длина 3: наблюдаемо 8, нуль 2.93±1.67, p=0.0089
длина >=4: наблюдаемо 3, нуль 0.04±0.19, p=0.0000
слот-имена >=3: наблюдаемо 6, нуль 0.93±0.97, p=0.0004

=== v8-b: соседние пары, обе части в LB-union ===
смежных пар полных слов: 11; токен-доля слов-совпадений: 0.104; грубое ожидание пар: 0.1; наблюдаемо: 0

Чтение: v8-a — Null-B как в v6/v7, p разведочные; v8-b — грубый подсчёт
(ожидание в предположении независимости соседей, без нуль-модели пар),
короткие слова доминируют — интерпретировать осторожно.
