lb2: 4791 褋谢芯胁; 褋谢芯褌-懈屑褢薪 1638

褋芯胁锌邪写械薪懈泄 胁褋械谐芯: 45; 写谢懈薪薪褘褏 >=3: 11; 懈蟹 薪懈褏 胁 褋谢芯褌-懈屑械薪邪褏: 3
   da-i-pi-ta         len=4 LA脳2 ['ZA10a', 'ZA8']
   se-to-i-ja         len=4 LA脳1 ['PRZa1']
   su-ki-ri-ta        len=4 LA脳1 ['PHWa32']
   a-ro-te            len=3 LA脳1 ['CRZg4']
   da-ma-te           len=3 LA脳1 ['KYZa2']
   i-ja-te            len=3 LA脳1 ['PHZb4']
   i-ta-ja            len=3 LA脳1 ['HT28a'] [小袥袨孝-袠袦携]
   ki-da-ro           len=3 LA脳1 ['HT117a'] [小袥袨孝-袠袦携]
   pa-i-to            len=3 LA脳2 ['HT120', 'HT97a']
   pa-ra-ne           len=3 LA脳2 ['HT115a', 'HT115b'] [小袥袨孝-袠袦携]
   ta-na-ti           len=3 LA脳3 ['HT10b', 'HT7a', 'HT98a']
写谢懈薪邪 3: 薪邪斜谢褞写邪械屑芯 8, 薪褍谢褜 2.89卤1.66, p=0.0086
写谢懈薪邪 >=4: 薪邪斜谢褞写邪械屑芯 3, 薪褍谢褜 0.04卤0.19, p=0.0000
褋谢芯褌-懈屑械薪邪 >=3: 薪邪斜谢褞写邪械屑芯 3, 薪褍谢褜 0.75卤0.87, p=0.0417

=== 褌褍褉薪懈褉 蟹薪邪褔械薪懈泄 薪邪 lb2 (薪芯褉屑懈褉芯胁泻邪 薪邪 褔邪褋褌芯褌褍 褉褟写邪) ===
*118 (10 褋谢芯胁): n: 2 锌芯锌邪写. (薪芯褉屑 29) [QA-*118鈫抭a-na]; s: 1 锌芯锌邪写. (薪芯褉屑 19) [QA-*118鈫抭a-sa]; k: 1 锌芯锌邪写. (薪芯褉屑 10) [QA-*118鈫抭a-ka]; t: 1 锌芯锌邪写. (薪芯褉屑 8) [QA-*118鈫抭a-te]
*301 (16 褋谢芯胁): p: 9 锌芯锌邪写. (薪芯褉屑 128) [*301-NA鈫抪a-na]; k: 12 锌芯锌邪写. (薪芯褉屑 118) [*301-*301鈫択a-ka]; q: 3 锌芯锌邪写. (薪芯褉屑 88) [*301-NA鈫抭a-na]; m: 4 锌芯锌邪写. (薪芯褉屑 82) [*301-NA鈫抦e-na]
*306 (5 褋谢芯胁): z: 2 锌芯锌邪写. (薪芯褉屑 224) [DI-*306鈫抎i-za]; d: 2 锌芯锌邪写. (薪芯褉屑 43) [DI-*306鈫抎i-da]; m: 2 锌芯锌邪写. (薪芯褉屑 41) [*306-TU鈫抦e-tu]; k: 3 锌芯锌邪写. (薪芯褉屑 30) [DI-*306鈫抎i-ka]
*21F (10 褋谢芯胁): p: 2 锌芯锌邪写. (薪芯褉屑 28) [JA-*21F鈫抝a-pi]; d: 1 锌芯锌邪写. (薪芯褉屑 22) [JA-*21F鈫抝a-de]; s: 1 锌芯锌邪写. (薪芯褉屑 19) [JA-*21F鈫抝a-se]; t: 2 锌芯锌邪写. (薪芯褉屑 17) [JA-*21F鈫抝a-ti]
