оператор         n сайтов  rel%  загол%  финал% с числом%  функция
----------------------------------------------------------------------------------------------------
KU-RO           37      3    0%     11%     32%       78%  итог списка
                  основание: §0/этап 2: суммы сходятся; §A: чистые окна
PO-TO-KU-RO      2      1    0%      0%    100%      100%  гранд-итог
                  основание: этап 2: сумма KU-RO-итогов
KI-RO           16      1    0%     19%     19%       56%  недоимка/остаток
                  основание: этап 2: fwd-списки; известная гипотеза «owed»
TE              58      9    5%     62%      5%       16%  транзакционная метка заголовка
                  основание: §B: без чисел при заголовках
KI              19      8   11%     21%     26%       47%  под-колонка HT118
                  основание: §B: под-финал p≈0.12, не система
A-DU            10      3    0%     70%      0%        0%  надтоварный оператор-заголовок
                  основание: §AQ/§AU: 0/10 rel; состав не меняет
A-KA-RU          3      1    0%    100%      0%        0%  заголовок (HT2/86)
                  основание: §H шорт-лист
I-DA             5      3   60%     80%      0%        0%  религиозный элемент
                  основание: §AB/§AK: 71% rel, 7 сайтов
PU2-RE           1      1  100%    100%      0%        0%  второй член композитов, свободн.
                  основание: §X: свободн.+связ.
DU-PU2-RE        0  — не в норм-форме corpus.pkl
SA-RA2          20      1    0%     10%      0%        5%  учётный термин при товарах
                  основание: этап 2: частотный; не имя (19 ток.)
SI-RU-TE         7      5  100%     14%     71%        0%  финал формулы возлияний (слот 6)
                  основание: §K/§AS: общекритский
SI-RU            2      2   50%      0%      0%       50%  вариант финала формулы
                  основание: §K: слот 6
TU-ME-I          2      1  100%     50%      0%        0%  локальный элемент слота 2 (PK)
                  основание: §AE: ×2 Палекастро
NA-SI            1      1  100%    100%      0%        0%  элемент формулы (AP)
                  основание: §AE: слот 2 APZa2
U-NA-KA-NA-SI    4      3  100%      0%     50%        0%  слот 4 формулы
                  основание: §K: общекритский
I-PI-NA-MA       6      5  100%     33%      0%        0%  слот 5 формулы
                  основание: §K: общекритский
