=== A-DA-RA ~ A-DA-RO ===
   A-DA-RA        KNZf31     KN    религ  сред         
   A-DA-RO        ARKH5      ARKH  адм    сред         LM
   → один документ: нет; сайты: ['KN'] vs ['ARKH'] (разнесены)
=== A-MI-DA-O ~ A-MI-DA-U ===
   A-MI-DA-O      PH31b      PH    адм    сред         
   A-MI-DA-U      ZA10a      ZA    адм    сред  +число LM
   → один документ: нет; сайты: ['PH'] vs ['ZA'] (разнесены)
=== DA-TA-RA ~ DA-TA-RE ===
   DA-TA-RA       HT6a       HT    адм    сред         LM
   DA-TA-RE       HT88       HT    адм    сред  +число LM
   → один документ: нет; сайты: ['HT'] vs ['HT'] (пересекаются)
=== SI-DA-RE ~ SI-DA-RO ===
   SI-DA-RE       HT17       HT    адм    посл  +число LM
   SI-DA-RE       HT122a     HT    адм    сред  +число LM
   SI-DA-RO       GO2r       GO    адм    сред  +число 
   → один документ: нет; сайты: ['HT'] vs ['GO'] (разнесены)
=== TA-NA-TE ~ TA-NA-TI ===
   TA-NA-TE       ZA10a      ZA    адм    перв  +число LM
   TA-NA-TI       HT7a       HT    адм    сред  +число LM
   TA-NA-TI       HT10b      HT    адм    посл  +число LM
   TA-NA-TI       HT49a      HT    адм    сред         LM
   TA-NA-TI       HT98a      HT    адм    сред  +число LM
   → один документ: нет; сайты: ['ZA'] vs ['HT'] (разнесены)

Чтение: «внутридокументная парадигма» (обе формы в одном документе) —
сильнейший тип свидетельства морфологического слота; разнесённость по
сайтам без пересечения совместима и с орфографией/диалектом. Вердикты
дистрибутивные; чтения не приписываются.
