
=== ТИПЫ ===
знак    класс   нач  срд  кон всего доля нач.
A       V        81    8    4    93      0.87
TA      CV       17   40   20    77      0.22
DA      CV       29   35    9    73      0.40
NA      CV        4   35   32    71      0.06
JA      CV       26   15   29    70      0.37
I       V        32   27   11    70      0.46
TI      CV        9   28   30    67      0.13
MA      CV       16   28   16    60      0.27
KA      CV       28   15   16    59      0.47
SA      CV       18   33    8    59      0.31
KU      CV       24   23   10    57      0.42
RA      CV        5   29   23    57      0.09
RE      CV        6   20   28    54      0.11
TE      CV        8   14   32    54      0.15
KI      CV       18   26    9    53      0.34
SI      CV       18   21   14    53      0.34
RI      CV        9   28   10    47      0.19
RU      CV        8   19   17    44      0.18
DI      CV       10   22   11    43      0.23
MI      CV        8   22   13    43      0.19
PA      CV       15   16    8    39      0.38
NI      CV        5   20   12    37      0.14
SE      CV        6   13   17    36      0.17
TU      CV       12   11   11    34      0.35
DU      CV       11   15    7    33      0.33
U       V        20    8    4    32      0.62
SU      CV        4   15    7    26      0.15
NU      CV        3   15    8    26      0.12
PI      CV       10   11    5    26      0.38
RO      CV        2    6   17    25      0.08
QA      CV       15    6    4    25      0.60
QE      CV       12    5    6    23      0.52
NE      CV        1    7   14    22      0.05
ZA      CV        0    9   11    20      0.00
WA      CV        7    9    4    20      0.35
DE      CV        3   10    6    19      0.16
ZU      CV        6    9    3    18      0.33
PA3     CV        7    8    3    18      0.39
JU      CV        0    6   12    18      0.00
*301    *         3   10    4    17      0.18
ME      CV        2    2   11    15      0.13
E       V         5    3    7    15      0.33
RA2     CV        1    3    9    13      0.08
WI      CV        7    1    5    13      0.54
TO      CV        3    7    2    12      0.25
KE      CV        2    5    4    11      0.18
*21F    *         3    4    3    10      0.30
*118    *         0    2    8    10      0.00
KO      CV        4    4    2    10      0.40
JE      CV        2    1    6     9      0.22
PU      CV        4    1    4     9      0.44
MU      CV        1    2    5     8      0.12
O       V         5    2    1     8      0.62
VS      *         0    2    6     8      0.00
TA2     CV        2    1    5     8      0.25
V-знаки (n=5, вхождений 218): доля начальной 65.6%; CV-знаки: 25.2%
нуль (случайные 5 знаков из 53): p(доля>=набл.)=0.0025 (R=10000, seed=42)
Манн-Уитни: U=218.5 из 240 (AUC=0.91), p=0.0005
V-знаки подробно: [('A', '81/93'), ('I', '32/70'), ('U', '20/32'), ('E', '5/15'), ('O', '5/8')]

=== токены ===
знак    класс   нач  срд  кон всего доля нач.
A       V       106    9    4   119      0.89
KU      CV       68   26   11   105      0.65
SA      CV       47   45    8   100      0.47
DA      CV       49   36   13    98      0.50
TA      CV       21   52   24    97      0.22
I       V        42   37   14    93      0.45
JA      CV       33   19   37    89      0.37
NA      CV        4   45   36    85      0.05
KA      CV       36   21   28    85      0.42
KI      CV       35   27   13    75      0.47
SI      CV       31   27   17    75      0.41
RO      CV        2    6   66    74      0.03
MA      CV       22   31   21    74      0.30
TI      CV       10   30   33    73      0.14
RA      CV        5   37   30    72      0.07
RE      CV        7   24   40    71      0.10
TE      CV       12   14   40    66      0.18
DI      CV       18   26   18    62      0.29
RU      CV        9   23   29    61      0.15
PA      CV       27   17   16    60      0.45
RI      CV        9   35   12    56      0.16
MI      CV       11   24   16    51      0.22
NI      CV        5   28   15    48      0.10
DU      CV       12   17   15    44      0.27
U       V        25    8   10    43      0.58
SE      CV        6   14   23    43      0.14
TU      CV       12   13   17    42      0.29
RA2     CV        1    5   35    41      0.02
NU      CV        4   21   15    40      0.10
QA      CV       21    9    4    34      0.62
SU      CV        4   15   11    30      0.13
QE      CV       17    6    6    29      0.59
PI      CV       10   14    5    29      0.34
WA      CV        9   16    4    29      0.31
NE      CV        1    7   20    28      0.04
VS      *         0    2   26    28      0.00
PA3     CV        9   15    3    27      0.33
*301    *         4   17    6    27      0.15
ME      CV        3    2   21    26      0.12
ZA      CV        0   10   15    25      0.00
DE      CV        3   13    8    24      0.12
ZU      CV        7   11    3    21      0.33
JU      CV        0    6   12    18      0.00
*118    *         0    2   14    16      0.00
E       V         5    3    8    16      0.31
*21F    *         7    4    4    15      0.47
*411    *        15    0    0    15      1.00
TO      CV        3    8    3    14      0.21
JE      CV        5    1    7    13      0.38
WI      CV        7    1    5    13      0.54
KE      CV        2    5    4    11      0.18
PU      CV        5    1    5    11      0.45
KO      CV        4    5    2    11      0.36
TA2     CV        2    1    7    10      0.20
*306    *         7    0    2     9      0.78
*86     *         7    0    2     9      0.78
MU      CV        1    2    5     8      0.12
O       V         5    2    1     8      0.62
V-знаки (n=5, вхождений 279): доля начальной 65.6%; CV-знаки: 27.7%
нуль (случайные 5 знаков из 53): p(доля>=набл.)=0.0053 (R=10000, seed=42)
Манн-Уитни: U=210.0 из 240 (AUC=0.88), p=0.0022
V-знаки подробно: [('A', '106/119'), ('I', '42/93'), ('U', '25/43'), ('E', '5/16'), ('O', '5/8')]
