слов с QA: 23
начальных 15, срединных 6, конечных 4

--- начальные QA-слова ---
   QA-*118                ×1  ['KH']
   QA-*118-RA-RE          ×1  ['HT']
   QA-*310-I              ×4  ['HT']
   QA-KI-SE-NU-TI         ×1  ['CR']
   QA-KU-RE               ×1  ['HT']
   QA-MI-*47-NA-RA        ×1  ['KN']
   QA-NU-MA               ×2  ['HT', 'KH']
   QA-QA-DA               ×1  ['PE']
   QA-QA-RU               ×3  ['HT']
   QA-RA2-WA              ×1  ['HT']
   QA-RE-TO               ×1  ['HT']
   QA-SA-RA-KU            ×1  ['SY']
   QA-TI-DA-TE            ×1  ['HT']
   QA-TI-JU               ×1  ['ZA']
   QA-TI-KI               ×1  ['KH']
--- срединные (редупликация?) ---
   *815-QA-PA3            ×1 
   I-QA-*118              ×2 
   O-SU-QA-RE             ×1 
   QA-QA-DA               ×1 РЕДУПЛИКАЦИЯ
   QA-QA-RU               ×3 РЕДУПЛИКАЦИЯ
   TI-DI-TE-QA-TI         ×1 
--- конечные ---
   *21F-RI-TU-QA          ×1
   I-NA-JA-PA-QA          ×1
   JA-PA-QA               ×1
   KA-QA                  ×1

гласный ряд знака после QA-: {'?': 3, 'I': 5, 'U': 2, 'A': 4, 'E': 1}
после KA-: n=28, U:32%, I:29%, A:21%, O:7%, ?:7%, E:4%
после KU-: n=24, A:50%, U:21%, I:17%, ?:4%, O:4%, E:4%
после SA-: n=18, A:50%, ?:11%, O:11%, I:11%, E:11%, U:6%
после A-: n=81, A:42%, I:22%, U:17%, E:12%, O:4%, ?:2%

QA-слова: токенов 30, в rel-документах 7 (23%; база по лексикону ~17%)
