знак         ток док сайт писц макс.доля в 1 док  вердикт§J  флаг
*301         274 272   16   14               1%   CV        
*304          26  23    5    9               8%             
*118          25  24    7    7               8%   CV        
*21F          22  22    5    8               5%   CV        
*306          20  19    4    3              10%   Z-канд.   
*305          20  19    5    8              10%             
*188          17  14    2    5              18%             
*164          15  15    3    2               7%             
*22F          15  11    4    2              20%             
*411          15  15    1    2               7%             
*308          14  10    3    4              36%             
*86           13  12    3    7              15%   ~V        
*310          10  10    3    4              10%             
*516          10  10    3    4              10%             
*312           8   8    4    5              12%   V         
*34            8   7    4    2              25%   —         
*21M           8   6    4    3              25%             
*47            8   8    6    2              12%             
*307           7   7    3    3              14%             
*23M           7   6    3    2              29%             
*904           6   3    1    1              67%             
*314           6   6    4    1              17%   —         
*131C          6   5    3    1              33%             
*309           6   1    1    0             100%             ОДНОМОНУМЕНТНЫЙ
*325           5   4    3    1              40%             
*323           5   4    1    2              40%             
*28B           5   5    2    2              20%             
*409           5   5    2    0              20%             
*321           4   4    4    1              25%             
*322           4   4    2    1              25%             
*560           4   4    3    1              25%             
*815           4   1    1    1             100%   V         ОДНОМОНУМЕНТНЫЙ
*318           4   4    1    2              25%             
*317           4   3    3    2              50%             
*49            4   4    3    2              25%   CV        
*805           4   4    1    1              25%             
*316           4   3    2    1              50%             
*408           4   4    1    0              25%             
*22M           4   2    2    0              75%             
*309B          4   1    1    0             100%             ОДНОМОНУМЕНТНЫЙ
*131B          4   4    2    2              25%             
*324           3   3    1    1              33%             
*326           3   3    1    2              33%             
*327           3   2    1    2              67%             
*333           3   3    2    1              33%   V         
*82            3   3    2    1              33%             

одномонументных знаков (>=2 вхождений в одном документе): 3
вердикты §J/§AP, задетые концентрацией: [('*815', 'V', 'ОДНОМОНУМЕНТНЫЙ')]
