=== ШИРОКИЙ фильтр (как §BO/§BR): документов 367, тестов 32 ===
оператор             поз   n  набл   ожид        p    p̃сем
KU-RO                 пп  36    12   6.19   0.0103   0.1112
KU-RO                фин  36    14   6.25   0.0007   0.0074 *
TE                    вт  28    15   7.39   0.0007   0.0074 *
A-DU                 нач   9     6   1.87   0.0021   0.0262 *
SI-RU-TE             фин   7     5   2.27   0.0297   0.4428
SA-RA2                вт  19    11   4.39   0.0004   0.0043 *
KI                   фин  15     6   2.25   0.0109   0.1191
A-TA-I-*301-WA-JA    нач  11    11   3.53   0.0001   0.0001 *

=== СТРОГИЙ единый фильтр: документов 217, тестов 28 ===
оператор             поз   n  набл   ожид        p    p̃сем
KU-RO                 пп  30    10   5.35   0.0211   0.2696
KU-RO                фин  30    12   5.40   0.0014   0.0143 *
TE                    вт  18    10   5.90   0.0261   0.2973
A-DU                 нач   7     5   1.64   0.0051   0.0547
SA-RA2                вт  17     8   3.84   0.0154   0.1621
A-TA-I-*301-WA-JA    нач   6     6   2.06   0.0017   0.0217 *


Чтение: совместная документная перестановка = один нуль для всего
семейства (истинный minP); показаны строки с raw p<0.10. Ожидаемое —
среднее по симуляциям (уже не «1/L», а честная величина). Выводы §BO/§BR
переоцениваются по СТРОГОМУ режиму; расхождение режимов = мера
чувствительности к правилу допуска (находка аудита №4).
