документов с >=3 словами: 246

оператор               n   вт%   пп%    p(вт)    p(пп) p̃сем(вт) p̃сем(пп)
KU-RO                 33    3%   33%   0.9935   0.0037    1.0000    0.0283
KI-RO                 15   13%    7%   0.5265   0.8423    0.9995    1.0000
TE                    24   54%   12%   0.0003   0.9358    0.0012    1.0000
A-DU                   8   12%   12%   0.7896   0.7889    1.0000    1.0000
SA-RA2                16   56%   19%   0.0005   0.5758    0.0029    1.0000
KI                    15   13%    0%   0.7036   1.0000    1.0000    1.0000
A-TA-I-*301-WA-JA      7    0%    0%   1.0000   1.0000    1.0000    1.0000

полные профили (доли позиций: 1-я/2-я/середина/предпосл/посл):
  KU-RO                n=33  6%/3%/21%/33%/36%
  KI-RO                n=15  13%/13%/47%/7%/20%
  TE                   n=24  25%/54%/12%/12%/8%
  A-DU                 n=8   62%/12%/25%/12%/0%
  SA-RA2               n=16  0%/56%/31%/19%/0%
  KI                   n=15  7%/13%/40%/0%/40%
  A-TA-I-*301-WA-JA    n=7   100%/0%/0%/0%/0%

Чтение: «вторая» и «предпоследняя» могут пересекаться с «первой»/«последней»
только в документах из 3 слов (там 2-я = предпоследняя); категории
маргинальные, каждая против своего равномерного нуля. p разведочные;
нач/фин уже протестированы в §BO и здесь не перетестируются.
