Wc-документов с чистыми словами: 22; не-Wc: 277
Wc: токенов 26, межпломбовая повторяемость 0.385
   HTWc3001     ['PA-SE-JA']
   HTWc3002     ['PA-SE-JA']
   HTWc3003     ['KA-RE-RO']
   HTWc3004     ['TA-NI-KA']
   HTWc3005     ['TA-NI-KA']
   HTWc3006     ['WA-O-MI']
   HTWc3007     ['WA-DI-NI']
   HTWc3008     ['WA-DI-NI', 'RU-JA-TA-DI']
   HTWc3011     ['ZU-DI-RA']
   HTWc3012     ['ZU-DI-RA', 'RE-RO']
   HTWc3014     ['KU-MI-NA-QE']
   HTWc3015     ['KA-KU-PA']
   HTWc3016     ['KA-KU-PA']
   HTWc3017     ['QA-KU-RE']
   HTWc3024     ['A-RA-TU-ME']
   KHWc2005     ['KA-NA-NI-TI']
   KNWc26       ['RU-JA', 'NI-PI']
   MAWc<5>      ['A-SA-DA-KA']
   PHWc39       ['JA-DI']
   PHWc40       ['TI-TI-MA']
   ZAWc2        ['A-TI-KA-A-DU-KO-MI', 'A-TI-KA-A-DU-KO-MI']
   GOWc1a       ['A-SA-SU-MA-I-SE']
нуль (наборы из 22 не-Wc документов): 0.129±0.073, p=0.0025 (односторонний)
ПРЕДРЕГИСТРАЦИЯ №3: ПОДТВЕРЖДЕНА

Чтение: повторяемость слова на РАЗНЫХ пломбах — механический прокси
«печати одного лица/учреждения» (Anastasiadou); результат публикуется
как вышел, чтения не приписываются.
