=== формы SA-SA-* в контексте формулы ===
форма                     док       слот поз из  хвост
SA-SA-ME                  HT23a        -   5  6  ME
JA-SA-SA-RA-ME            IOZa2        3   3  8  ME
JA-SA-SA-RA-ME            IOZa6        3   3  3  ME
JA-SA-SA-RA-ME            IOZa9        3   1  2  ME
A-SA-SA-RA-ME             IOZb10       3   1  1  ME
JA-SA-SA-RA-ME            IOZa12       3   1  2  ME
JA-SA-SA-RA-ME            IOZa16       3   1  2  ME
WI-SA-SA-NE               KH5          -   3  7  NE
JA-SA-SA-RA-MA-NA         KNZa10       3   2  5  MA-NA
SA-SA-RA-ME               KHZc106      3   1  1  ME
A-SA-SA-RA                PKZa4        3   1  1  ∅
A-SA-SA-RA-ME             PKZa11       3   6 10  ME
JA-SA-SA                  PKZa14       3   2  2  ∅
JA-SA-SA-RA-ME            PLZf1        3   4  7  ME
RI-QE-TI-A-SA-SA-RA-*325  POZc1        3   1  1  *325
A-SA-SA-*802-ME           PRZa1        3   3  3  ME
JA-SA-SA-RA-ME            PSZa2        3   3  3  ME
JA-SA-SA-RA-ME            TLZa1        3   3  6  ME
JA-SA-SA-RA-ME            PKZa27       3   1  2  ME

=== HT23a целиком ===
KA-NA • CYP 1/3 / *308 1/6 / OLE+NE 1/6 / OLE+TU 1/6 / OLE+RI 1/6 / MI+JA+RU 1/6 / VIN 10 / QA2+[?]+RE 10 / QA2+[?]+RE+PU 10 / E 17 / *21F-RI-TU-QA 1/16 / SA-SA-ME 1/16 / SI+ME 10 / KO-RU 1
SA-SA-ME: число после = 1/16, перед ним «*21F-RI-TU-QA»
