лексиконных токенов с писцом: 478; типов: 326

=== финаль ∅ ~ -JA: 6 пар ===
  PA-SE (2) ~ PA-SE-JA (2): писцов 3, χ²=4.00, p(перест.)=0.3291
      HT Scribe 11: 1 / 0
      HT Scribe 20: 1 / 0
      HT Wa Scribe 10: 0 / 2
проверено пар: 1, значимых (p<0.05): 0 (ожидание под нулём ~0.1)

=== приставки A-/JA-/∅: 11 пар ===
  A-KI-RO (0) ~ KI-RO (10): писцов 5, χ²=0.00, p(перест.)=1.0000
      HT Scribe 1: 0 / 1
      HT Scribe 21: 0 / 1
      HT Scribe 6: 0 / 5
      HT Scribe 7: 0 / 1
      HT Scribe 9: 0 / 2
  A-SA-RA2 (1) ~ SA-RA2 (16): писцов 9, χ²=3.45, p(перест.)=1.0000
      HT Scribe 1: 0 / 3
      HT Scribe 13: 0 / 2
      HT Scribe 19: 0 / 1
      HT Scribe 2: 1 / 3
      HT Scribe 20: 0 / 1
      HT Scribe 4: 0 / 2
      HT Scribe 5: 0 / 2
      HT Scribe 7: 0 / 1
      HT Scribe 9: 0 / 1
проверено пар: 2, значимых (p<0.05): 0 (ожидание под нулём ~0.1)

=== дублеты (замена одного знака, длина >=3): 90 пар ===
  *21F-TU-NE (3) ~ QE-TU-NE (1): писцов 2, χ²=1.33, p(перест.)=1.0000, Фишер p=1.0000
      HT Scribe 11: 1 / 1
      HT Scribe 9: 2 / 0
  KI-RE-TA2 (2) ~ KI-RI-TA2 (2): писцов 3, χ²=4.00, p(перест.)=0.3329
      HT Scribe 15: 1 / 0
      HT Scribe 4: 0 / 2
      HT Scribe 9: 1 / 0
  KU-PA3-NU (5) ~ KU-PA3-PA3 (1): писцов 3, χ²=2.40, p(перест.)=0.5014
      HT Scribe 21: 1 / 0
      HT Scribe 7: 1 / 1
      HT Scribe 9: 3 / 0
  PA-JA-RE (3) ~ TE-JA-RE (1): писцов 4, χ²=4.00, p(перест.)=1.0000
      HT Scribe 2: 1 / 0
      HT Scribe 7: 1 / 0
      HT Scribe 9: 0 / 1
      ZA Scribe 4: 1 / 0
  PA-RA-NE (2) ~ PA-TA-NE (2): писцов 2, χ²=4.00, p(перест.)=0.3334, Фишер p=0.3333
      HT Scribe 8: 2 / 0
      HT Scribe 9: 0 / 2
проверено пар: 5, значимых (p<0.05): 0 (ожидание под нулём ~0.2)

=== глобально: -JA-финаль по писцам (таблички с писцом) ===
  HT Scribe 11: -JA 2/14 (14%)
  HT Scribe 13: -JA 1/11 (9%)
  HT Scribe 2: -JA 0/31 (0%)
  HT Scribe 24: -JA 1/9 (11%)
  HT Scribe 3: -JA 0/16 (0%)
  HT Scribe 5: -JA 0/21 (0%)
  HT Scribe 6: -JA 0/34 (0%)
  HT Scribe 7: -JA 0/20 (0%)
  HT Scribe 8: -JA 4/41 (10%)
  HT Scribe 9: -JA 2/89 (2%)
  KH Scribe 2: -JA 0/16 (0%)
  ZA Scribe 1: -JA 0/18 (0%)
  ZA Scribe 2: -JA 0/12 (0%)
  ZA Scribe 4: -JA 0/18 (0%)
  ZA Scribe 5: -JA 0/11 (0%)
χ²=23.98, p(перест.)=0.0555 (писцов 15, токенов 361, R=10000, seed=42)
