лексикон: 618 типов

=== финальные маркеры (суффиксы) ===
маркер     осн    нуль μ±σ       p   p_max  основы (примеры)
JA           9    3.41±1.70  0.0040  0.0310  *306-TU, A-MA, A-SE, A-SU *
TE           7    3.79±1.80  0.0775  0.3030  A-TA-NA, I-JA, KU-NI, QE-SI
RO           7    2.03±1.31  0.0010  0.3030  A-DA, DI-NA, KI-DA, SA-MA *
RA           6    2.80±1.58  0.0550  0.6095  A-DA, DA-TA, MI-DA, PI-TA
TI           5    3.63±1.75  0.2905  0.9035  DA-KU-SE-NE, I-DU, JA-KU, RI-RU-MA
TA           5    2.38±1.48  0.0830  0.9035  A-MI, I-KU, KI-DA, MA-KA-I
RE           4    3.35±1.73  0.4385  0.9955  A-TA, DA-TA, PA-JA, SI-DA
MA           4    1.91±1.30  0.1200  0.9955  I-PI-NA, KU-RU, RI-RU, TI-TI
ME           4    1.31±1.09  0.0315  0.9955  A-RA-TU, JA-SA-SA-RA, MA-RU, SA-SA *
NE           3    1.71±1.22  0.2405  1.0000  DA-KU-SE, PA-RA, SI-KI
NA           3    3.85±1.82  0.7585  1.0000  DA-KU, KI-KI, PA3-NI
RU           3    2.05±1.35  0.3370  1.0000  DI-DE, PA-DA, QA-QA
TU           3    1.35±1.10  0.1440  1.0000  A-RA, DA-NA, SI-TE

=== начальные маркеры (приставки) ===
маркер     осн    нуль μ±σ       p   p_max  основы (примеры)
A           14    5.81±2.17  0.0020  0.0020  *325-ZA, DA-RA, DA-RO, KA-RU *
DA           6    2.19±1.36  0.0120  0.5685  KU-NA, NA-SI, RI-DA, TA-RA *
SI           5    1.36±1.13  0.0075  0.7845  DA-RE, DA-RO, KI-RA, MI-TA *
I            4    2.41±1.50  0.2150  0.9540  DA-MA-TE, QA-*118, RU-JA, TA-JA
PI           4    0.77±0.84  0.0055  0.9540  MI-TA-TI-RA2, TA-JA, TA-RA, TE-RI *
KI           4    1.33±1.09  0.0375  0.9540  DA-RO, DA-TA, DI-NI, RE-ZA *
QE           4    0.91±0.93  0.0100  0.9540  KU-RE, PI-TA, SI-TE, TU-NE *
JA           3    2.01±1.31  0.3195  0.9985  SA-MU, SA-SA-RA-ME, WA-PI
KA           3    2.14±1.38  0.3520  0.9985  KU-PA, RE-RO, SA-RU
KU           3    1.87±1.30  0.2800  0.9985  PA-JA, RE-JU, RU-MA

значимые (p<0.05): суффиксы ['JA', 'RO', 'ME'], приставки ['A', 'DA', 'SI', 'PI', 'KI', 'QE']
сегментировано слов: 20/618 (3.2%)

=== функциональный тест v2: маркер против альтернативных форм той же основы ===

--- маркер -JA: 9 основ ---
   num: Δ=+0.080 (знак-переворот p=0.6250); пул 5/17 против 10/26 (Фишер p=0.7448)
   rel: Δ=+0.014 (знак-переворот p=1.0000); пул 9/17 против 4/26 (Фишер p=0.0162)
   init: Δ=-0.120 (знак-переворот p=0.5625); пул 11/17 против 10/26 (Фишер p=0.1243)
   tab: Δ=-0.042 (знак-переворот p=1.0000); пул 6/17 против 20/26 (Фишер p=0.0105)

--- маркер -RO: 7 основ ---
   num: Δ=+0.279 (знак-переворот p=0.1250); пул 4/7 против 9/18 (Фишер p=1.0000)
   rel: Δ=-0.219 (знак-переворот p=0.2500); пул 0/7 против 3/18 (Фишер p=0.5343)
   init: Δ=-0.183 (знак-переворот p=0.1250); пул 1/7 против 5/18 (Фишер p=0.6372)
   tab: Δ=+0.219 (знак-переворот p=0.2500); пул 7/7 против 15/18 (Фишер p=0.5343)

--- маркер -ME: 4 основ ---
   num: Δ=+0.000 (знак-переворот p=1.0000); пул 3/11 против 2/4 (Фишер p=0.5604)
   rel: Δ=-0.250 (знак-переворот p=1.0000); пул 7/11 против 2/4 (Фишер p=1.0000)
   init: Δ=+0.071 (знак-переворот p=1.0000); пул 3/11 против 1/4 (Фишер p=1.0000)
   tab: Δ=+0.000 (знак-переворот p=1.0000); пул 3/11 против 2/4 (Фишер p=0.5604)
