типов слов с вхождениями: 615

=== k-means, k=3 ===
кластер 0 (n=389): p_num=0.59 p_frac=0.01 p_logo=0.19 p_init=0.20 p_after_tot=0.03 p_tablet=1.00 p_kuro_win=0.13 log_tok=0.27
   примеры: [('*188-*308', 1), ('*188-*86', 1), ('*21F-*118', 3), ('*21F-TU-NE', 3), ('*28B-NU-MA-RE', 3), ('*301-NA', 1)]
кластер 1 (n=45): p_num=0.99 p_frac=0.87 p_logo=0.00 p_init=0.04 p_after_tot=0.00 p_tablet=0.98 p_kuro_win=0.15 log_tok=0.31
   примеры: [('*21F-RI-TU-QA', 1), ('*305-RU', 1), ('*312-TA', 1), ('*317-QE-*353', 1), ('A-*325-ZA', 1), ('A-RI-PA', 1)]
кластер 2 (n=181): p_num=0.02 p_frac=0.00 p_logo=0.04 p_init=0.57 p_after_tot=0.00 p_tablet=0.01 p_kuro_win=0.00 log_tok=0.25
   примеры: [('*164-RI-DA', 1), ('*188-DU', 3), ('*301-*301', 2), ('*306-TA-JE', 2), ('*314-TA-MA', 1), ('*328-E', 1)]

=== k-means, k=4 ===
кластер 0 (n=337): p_num=0.61 p_frac=0.00 p_logo=0.17 p_init=0.19 p_after_tot=0.03 p_tablet=1.00 p_kuro_win=0.12 log_tok=0.06
   примеры: [('*188-*308', 1), ('*188-*86', 1), ('*301-NA', 1), ('*301-U-RA', 1), ('*305-WA-NA', 1), ('*306-TU-JA', 1)]
кластер 1 (n=44): p_num=0.99 p_frac=0.88 p_logo=0.00 p_init=0.05 p_after_tot=0.00 p_tablet=0.98 p_kuro_win=0.15 log_tok=0.28
   примеры: [('*21F-RI-TU-QA', 1), ('*305-RU', 1), ('*312-TA', 1), ('*317-QE-*353', 1), ('A-*325-ZA', 1), ('A-RI-PA', 1)]
кластер 2 (n=169): p_num=0.02 p_frac=0.00 p_logo=0.04 p_init=0.56 p_after_tot=0.00 p_tablet=0.01 p_kuro_win=0.00 log_tok=0.10
   примеры: [('*164-RI-DA', 1), ('*301-*301', 2), ('*306-TA-JE', 2), ('*314-TA-MA', 1), ('*328-E', 1), ('*333-DI-NA-SU-KA', 1)]
кластер 3 (n=65): p_num=0.38 p_frac=0.05 p_logo=0.27 p_init=0.38 p_after_tot=0.00 p_tablet=0.81 p_kuro_win=0.16 log_tok=1.76
   примеры: [('*188-DU', 3), ('*21F-*118', 3), ('*21F-TU-NE', 3), ('*28B-NU-MA-RE', 3), ('*306-TU', 4), ('*324-DI-RA', 3)]

слова KU-RO-списков: 69 типов; распределение по кластерам {np.int32(0): 42, np.int32(3): 20, np.int32(1): 7}; макс. доля 60.9%, p(перест.)=0.1783 (R=10000, seed=42)
гапаксы: 504 типов; по кластерам {np.int32(2): 153, np.int32(0): 318, np.int32(1): 33}
доля гапаксов в кластере KU-RO-записей (кластер 0): 63.1%, p(перест.)=0.0000; модальный кластер гапаксов: 0

=== k-means, k=5 ===
кластер 0 (n=251): p_num=0.82 p_frac=0.00 p_logo=0.00 p_init=0.05 p_after_tot=0.04 p_tablet=0.99 p_kuro_win=0.16 log_tok=0.08
   примеры: [('*188-*308', 1), ('*188-*86', 1), ('*301-NA', 1), ('*301-U-RA', 1), ('*306-TU-JA', 1), ('*309-JU-KI', 1)]
кластер 1 (n=44): p_num=0.99 p_frac=0.88 p_logo=0.00 p_init=0.05 p_after_tot=0.00 p_tablet=0.98 p_kuro_win=0.15 log_tok=0.28
   примеры: [('*21F-RI-TU-QA', 1), ('*305-RU', 1), ('*312-TA', 1), ('*317-QE-*353', 1), ('A-*325-ZA', 1), ('A-RI-PA', 1)]
кластер 2 (n=161): p_num=0.01 p_frac=0.00 p_logo=0.00 p_init=0.57 p_after_tot=0.00 p_tablet=0.01 p_kuro_win=0.00 log_tok=0.10
   примеры: [('*164-RI-DA', 1), ('*301-*301', 2), ('*306-TA-JE', 2), ('*314-TA-MA', 1), ('*328-E', 1), ('*333-DI-NA-SU-KA', 1)]
кластер 3 (n=51): p_num=0.45 p_frac=0.05 p_logo=0.19 p_init=0.37 p_after_tot=0.01 p_tablet=0.78 p_kuro_win=0.20 log_tok=1.97
   примеры: [('*188-DU', 3), ('*21F-*118', 3), ('*21F-TU-NE', 3), ('*28B-NU-MA-RE', 3), ('*306-TU', 4), ('*324-DI-RA', 3)]
кластер 4 (n=108): p_num=0.05 p_frac=0.00 p_logo=0.66 p_init=0.56 p_after_tot=0.01 p_tablet=0.94 p_kuro_win=0.00 log_tok=0.12
   примеры: [('*305-WA-NA', 1), ('*312-TA2', 1), ('*355-E-*354', 1), ('*47-KU-NA', 1), ('*47-NU-RA-JA', 1), ('A-DA', 1)]
