документов со словами-группами: 451; инстансов знаков в словах: 3174
sigla_signs.tsv записан

сверка: документов с обеих сторон: 318
слов SigLA (>=2 знаков): 913; найдено в корпусе: 825 (90%)
слов корпуса в тех же документах: 954; найдено в SigLA: 824 (86%)
примеры несовпадений (SigLA-слово, нет в корпусном документе):
   ARKH2: ZU-*301-SE-DE-QI-*118
   ARKH4a: A-JU
   HT103: PA3-DA-KU-SE-NE
   HT108: RA2-TI-JU
   HT115a: NA-QI-NE-MI-NA
   HT115a: A-SE-JA-*718
   HT117a: TE-PA3-RE
   HT117b: QI-TU-NE
   HT122a: PA-RI-NE
   HT128a: TU-RU-PA3-SE-ME
   HT129: TU-RU-TA2
   HT129: TU-QI-RI-NA

Чтение: расхождения = сумма (а) реальных разночтений прорисовок против
GORILA-линии, (б) разной сегментации слов, (в) наших ограничений
(бинды/лакуны). Доли — честная верхняя граница разногласий, не оценка
ошибок какой-то одной стороны. Рук/писцов в данных SigLA нет.
