=== слова с *118: 10 типов ===
   *21F-*118            ФИНАЛЬ  KH88         KH   без числа             
   *21F-*118            ФИНАЛЬ  ZA5a         ZA   без числа             логограмма рядом
   *21F-*118            ФИНАЛЬ  ZA14         ZA   число=1               
   *539-*118            ФИНАЛЬ  HT24b        HT   число=1               
   *554-*118            ФИНАЛЬ  HT38         HT   число=3               
   *86-SI-*118-KA       сред    HT140        HT   число=3               
   A-KU-JU-PA-*118      ФИНАЛЬ  PA1          PA   число=35              
   DA-SI-*118           ФИНАЛЬ  HT13         HT   число=19              
   DA-SI-*118           ФИНАЛЬ  HT85a        HT   число=24              
   DA-SI-*118           ФИНАЛЬ  HT99b        HT   число=2               
   DA-SI-*118           ФИНАЛЬ  HT122a       HT   число=2               
   I-QA-*118            ФИНАЛЬ  HT44a        HT   без числа             логограмма рядом
   I-QA-*118            ФИНАЛЬ  HT131a       HT   без числа             логограмма рядом
   QA-*118              ФИНАЛЬ  KH10         KH   без числа             
   QA-*118-RA-RE        сред    HT96b        HT   без числа             
   ZU-*301-SE-DE-*21F-*118 ФИНАЛЬ  ARKH2        ARKH число=6               

число после слова: *118-финальные 9/14 (64%) против прочих 400/886 (45%), Фишер p=0.1817
из них дробные: *118 0/9; прочие 64/400; Фишер p=0.3656

основы перед финальным *118 и их независимые аттестации:
   *21F             -> ['*21F-TU-NE', '*21F-RI-TU-QA']
   *539             -> нет
   *554             -> нет
   A-KU-JU-PA       -> нет
   DA-SI            -> нет
   I-QA             -> нет
   QA               -> ['QA-KU-RE', 'QA-MI-*47-NA-RA', 'QA-QA-RU', 'QA-RE-TO', 'QA-KI-SE-NU-TI', 'QA-NU-MA', 'QA-TI-KI', 'QA-SA-RA-KU', 'QA-QA-DA', 'QA-TI-DA-TE', 'QA-RA2-WA', 'QA-*310-I', 'QA-*118-RA-RE', 'QA-TI-JU']
   ZU-*301-SE-DE-*21F -> нет

одиночный *118 (все вхождения):
   HT12         HT   после «*560», число=5
   HT24b        HT   после «None», число=7/4
   KN2          KN   после «RU-NA», число=3
