=== паспорта неизвестных знаков v2 ===

*301: типов 17, поз. [3, 10, 4] -> CV (log10LR=-3.23); соло+число ×6
   соседи-аналоги: DA(0.79), DE(0.78), TA(0.78); ряды соседей: {'D': 2, 'T': 1}
   кроссворд-голоса: ko (*301-U-RA==ko-u-ra)
   чередуется с: *82,KE,KI,NA,NI,RI,TU

*21F: типов 10, поз. [3, 4, 3] -> CV (log10LR=-1.14); соло+число ×2
   соседи-аналоги: MA(0.86), QE(0.78), KA(0.74); ряды соседей: {'M': 1, 'Q': 1, 'K': 1}
   чередуется с: *345,DI,KU,PA,SA,SI

*118: типов 10, поз. [0, 2, 8] -> CV (log10LR=-3.97); соло+число ×3
   соседи-аналоги: RA2(0.78), RE(0.76), RO(0.75); ряды соседей: {'R': 3}
   кроссворд-голоса: ro (I-QA-*118==i-qa-ro) <== КОНВЕРГЕНЦИЯ РЯДА

VS: типов 8, поз. [0, 2, 6] -> CV (log10LR=-3.12); соло+число ×0
   соседи-аналоги: E(0.51), JU(0.47), TA2(0.45); ряды соседей: {'∅': 1, 'J': 1, 'T': 1}

*86: типов 6, поз. [4, 0, 2] -> ? (log10LR=+0.81); соло+число ×2
   соседи-аналоги: A(0.80), QE(0.80), KA(0.78); ряды соседей: {'∅': 1, 'Q': 1, 'K': 1}
   чередуется с: *308,DU,RO,SA,TI,ZA

*188: типов 5, поз. [3, 0, 2] -> ? (log10LR=+0.39); соло+число ×2
   соседи-аналоги: E(0.78), QA(0.73), KA(0.66); ряды соседей: {'∅': 1, 'Q': 1, 'K': 1}
   чередуется с: E,NI,PU2

*305: типов 5, поз. [2, 0, 3] -> ? (log10LR=-0.45); соло+число ×9
   соседи-аналоги: JA(0.83), TU(0.82), TE(0.81); ряды соседей: {'J': 1, 'T': 2}
   чередуется с: DI,JE,JU,KI,KU,NA,PA,QA

*306: типов 5, поз. [3, 0, 2] -> ? (log10LR=+0.39); соло+число ×4
   соседи-аналоги: PI(0.75), U(0.73), E(0.72); ряды соседей: {'P': 1, '∅': 2}
   чередуется с: DE

*314: типов 4, поз. [1, 3, 0] -> ? (log10LR=-0.42); соло+число ×1
   соседи-аналоги: SA(0.80), MA(0.78), PA(0.77); ряды соседей: {'S': 1, 'M': 1, 'P': 1}
   кроссворд-голоса: ti (*314-TA-MA==ti-ta-ma); qa (RA-*314-RA==ra-qa-ra)

*323: типов 4, поз. [2, 2, 0] -> ? (log10LR=+0.28); соло+число ×0
   соседи-аналоги: QA(0.71), DU(0.70), I(0.70); ряды соседей: {'Q': 1, 'D': 1, '∅': 1}

*34: типов 4, поз. [1, 3, 0] -> ? (log10LR=-0.42); соло+число ×0
   соседи-аналоги: QE(0.64), MA(0.63), ZU(0.62); ряды соседей: {'Q': 1, 'M': 1, 'Z': 1}
   кроссворд-голоса: ri (PI-*34-TE==pi-ri-te); pu (PI-*34-TE==pi-pu-te); ru (PI-*34-TE==pi-ru-te); te (U-*34-SI==u-te-si)

AU: типов 4, поз. [2, 2, 0] -> ? (log10LR=+0.28); соло+число ×1
   соседи-аналоги: O(0.81), A(0.75), U(0.74); ряды соседей: {'∅': 3}

*312: типов 3, поз. [3, 0, 0] -> V (log10LR=+1.25); соло+число ×4
   соседи-аналоги: PI(0.78), U(0.78), A(0.78); ряды соседей: {'P': 1, '∅': 2}

*333: типов 3, поз. [3, 0, 0] -> V (log10LR=+1.25); соло+число ×0
   соседи-аналоги: A(0.83), O(0.73), U(0.72); ряды соседей: {'∅': 3}

*47: типов 3, поз. [2, 1, 0] -> ? (log10LR=+0.55); соло+число ×0
   соседи-аналоги: DA(0.67), KA(0.66), A(0.61); ряды соседей: {'D': 1, 'K': 1, '∅': 1}

*815: типов 3, поз. [3, 0, 0] -> V (log10LR=+1.25); соло+число ×1
   соседи-аналоги: A(0.87), U(0.73), QA(0.73); ряды соседей: {'∅': 2, 'Q': 1}

*325: типов 3, поз. [0, 2, 1] -> ? (log10LR=-0.98); соло+число ×0
   соседи-аналоги: MI(0.67), RE(0.65), DU(0.64); ряды соседей: {'M': 1, 'R': 1, 'D': 1}
   кроссворд-голоса: ro (A-*325-ZA==a-ro-za)

*49: типов 3, поз. [0, 1, 2] -> CV (log10LR=-1.13); соло+число ×0
   соседи-аналоги: RA2(0.61), JU(0.60), NE(0.57); ряды соседей: {'R': 1, 'J': 1, 'N': 1}
   чередуется с: JU,SU,TA2,TE,TI

*310: типов 3, поз. [0, 3, 0] -> ? (log10LR=-0.83); соло+число ×1
   соседи-аналоги: TA(0.59), DA(0.56), KI(0.55); ряды соседей: {'T': 1, 'D': 1, 'K': 1}
