случаев «чтение-1» (corpus-сторона): 41
из них с QI/*21F/PA3-знаками: 23

док       наше слово            в сыром источнике?  вердикт
HT115a    NA-*21F-NE-MI-NA      ДА                  парсер верен → развилка редакторская
HT117a    TE-JA-RE              ДА                  парсер верен → развилка редакторская
HT117b    *21F-TU-NE            ДА                  парсер верен → развилка редакторская
HT128a    TU-RU-NU-SE-ME        ДА                  парсер верен → развилка редакторская
HT129     TU-*21F-RI-NA         ДА                  парсер верен → развилка редакторская
HT135a    NA-*21F-NE            ДА                  парсер верен → развилка редакторская
HT23a     *21F-RI-TU-QA         ДА                  парсер верен → развилка редакторская
HT26a     U-NU-*21F             ДА                  парсер верен → развилка редакторская
HT28a     JA-*21F               ДА                  парсер верен → развилка редакторская
HT28b     JA-*21F               ДА                  парсер верен → развилка редакторская
HT7b      *21F-TU-NE            ДА                  парсер верен → развилка редакторская
HT84      *21F-JA-DU            ДА                  парсер верен → развилка редакторская
HT87      *21F-TU-NE            ДА                  парсер верен → развилка редакторская
HT94b     *21F-TU               ДА                  парсер верен → развилка редакторская
KH88      *21F-*118             ДА                  парсер верен → развилка редакторская
KH92      A-DA-*21F-RI          ДА                  парсер верен → развилка редакторская
KNZc7     A-KA-NU-ZA-TI         ДА                  парсер верен → развилка редакторская
PH2       A-SE-TU-*21F          ДА                  парсер верен → развилка редакторская
TY2       *309B-KI-PU           ДА                  парсер верен → развилка редакторская
TY2       *309B-RI-JU           ДА                  парсер верен → развилка редакторская
ZA14      *21F-*118             ДА                  парсер верен → развилка редакторская
ZA15a     *28B-NU-MA-RE         ДА                  парсер верен → развилка редакторская
ZA15a     *363-KE-MA-SE         ДА                  парсер верен → развилка редакторская
ZA4a      *28B-NU-MA-RE         ДА                  парсер верен → развилка редакторская
ZA5a      *21F-*118             ДА                  парсер верен → развилка редакторская
ZA5b      *28B-NU-MA-RE         ДА                  парсер верен → развилка редакторская

итого: парсер верен в 39/41 случаев «чтение-1»

датировано в lineara.xyz (context): 1388/1721 — исправление §BQ: датировки там ЕСТЬ
общих датированных документов: 534; эпоха совпадает: 533 (100%), противоречат по эпохе: 1
противоречия по эпохе (MM против LM):
   KNZf13     lineara.xyz=LMIA     SigLA=MMIII
расхождения только по фазе (внутри эпохи): 16 — примеры: [('KH100', 'LMIIIA', 'LMIB'), ('KHWc2117', 'LMIIIA', 'LMIB'), ('MA9', 'MMIII', 'MMIIIB'), ('PH6', 'MMII', 'MMIIB'), ('PH10', 'MMII', 'MMIIB')]

Чтение: (а) «парсер верен» = наше слово стоит в сыром translatedWords —
расхождение с SigLA относится к редакциям, не к нашему пайплайну;
(б) два независимых датировочных слоя взаимно валидируются по эпохе;
противоречия по эпохе — короткий список для ручной проверки.
