
=== финаль ∅ ~ -JA: 6 пар ===
  *306-TU (n=4) ~ *306-TU-JA (n=1): num: 1.00->1.00  rel: 0.00->0.00  init: 0.00->0.00  tab: 1.00->1.00
      док. основы: ['HT119', 'HT122a', 'HT9a', 'HT9b']; производного: ['HT115b']
  A-MA (n=2) ~ A-MA-JA (n=1): num: 0.00->0.00  rel: 0.50->0.00  init: 1.00->0.00  tab: 0.00->1.00
      док. основы: ['HSZg1', 'MA1b']; производного: ['KH14']
  A-SE (n=4) ~ A-SE-JA (n=1): num: 0.00->1.00  rel: 0.25->0.00  init: 0.50->0.00  tab: 0.75->1.00
      док. основы: ['HT132', 'HT81', 'HT93a', 'ZAZb3']; производного: ['HT115a']
  JA-SA (n=1) ~ JA-SA-JA (n=1): num: 0.00->0.00  rel: 0.00->1.00  init: 1.00->1.00  tab: 0.00->0.00
      док. основы: ['SAMWa1']; производного: ['KNZg55']
  KU-PA (n=3) ~ KU-PA-JA (n=1): num: 0.33->0.00  rel: 0.00->0.00  init: 0.00->0.00  tab: 1.00->1.00
      док. основы: ['HT110a', 'ZA11a', 'ZA11b']; производного: ['HT116a']
  PA-SE (n=2) ~ PA-SE-JA (n=2): num: 0.00->0.50  rel: 0.00->0.00  init: 0.50->1.00  tab: 1.00->0.00
      док. основы: ['HT18', 'HT27b']; производного: ['HTWc3001', 'HTWc3002']
  --- парные Δ (производное − основа), знако-переворотный тест:
      num: средняя Δ=+0.194, p(знак-переворот, 2^6)=0.5000
      rel: средняя Δ=+0.042, p(знак-переворот, 2^6)=1.0000
      init: средняя Δ=-0.167, p(знак-переворот, 2^6)=0.7500
      tab: средняя Δ=+0.042, p(знак-переворот, 2^6)=1.0000
  --- пул вхождений, точный Фишер:
      num: основа 5/16, производное 3/7, Фишер p=0.6570
      rel: основа 2/16, производное 1/7, Фишер p=1.0000
      init: основа 6/16, производное 3/7, Фишер p=1.0000
      tab: основа 12/16, производное 4/7, Фишер p=0.6258

=== финаль ∅ ~ -TI: 3 пар ===
  DA-KU-SE-NE (n=1) ~ DA-KU-SE-NE-TI (n=1): num: 1.00->1.00  rel: 0.00->0.00  init: 0.00->0.00  tab: 1.00->1.00
      док. основы: ['HT103']; производного: ['HT104']
  JA-KU (n=1) ~ JA-KU-TI (n=1): num: 1.00->0.00  rel: 0.00->0.00  init: 0.00->1.00  tab: 0.00->1.00
      док. основы: ['MA2b']; производного: ['KN1a']
  RI-RU-MA (n=1) ~ RI-RU-MA-TI (n=1): num: 1.00->0.00  rel: 0.00->0.00  init: 0.00->0.00  tab: 1.00->1.00
      док. основы: ['HT118']; производного: ['PH31b']
  --- парные Δ (производное − основа), знако-переворотный тест:
      num: средняя Δ=-0.667, p(знак-переворот, 2^3)=0.5000
      rel: средняя Δ=+0.000, p(знак-переворот, 2^3)=1.0000
      init: средняя Δ=+0.333, p(знак-переворот, 2^3)=1.0000
      tab: средняя Δ=+0.333, p(знак-переворот, 2^3)=1.0000
  --- пул вхождений, точный Фишер:
      num: основа 3/3, производное 1/3, Фишер p=0.4000
      rel: признак константен (0 против 6) — тест не нужен
      init: основа 0/3, производное 1/3, Фишер p=1.0000
      tab: основа 2/3, производное 3/3, Фишер p=1.0000

суффиксы с 2 парами (не тестировались отдельно): {'MU': 2, 'PA': 2, 'TE': 2, 'NA': 2, 'RO': 2, 'RA': 2, 'ME': 2}

=== приставка ∅ ~ A-: 7 пар ===
  KA-RU (n=1) ~ A-KA-RU (n=3): num: 0.00->0.00  rel: 0.00->0.00  init: 1.00->1.00  tab: 1.00->1.00
      док. основы: ['HT97a']; производного: ['HT2', 'HT86a', 'HT86b']
  KI-RO (n=13) ~ A-KI-RO (n=1): num: 0.62->1.00  rel: 0.00->0.00  init: 0.08->0.00  tab: 1.00->1.00
      док. основы: ['HT1', 'HT117a', 'HT123+124a', 'HT123+124b', 'HT15', 'HT30', 'HT34', 'HT37', 'HT88', 'HT94b']; производного: ['ARKH4b']
  PA-RA-NE (n=2) ~ A-PA-RA-NE (n=2): num: 1.00->0.00  rel: 0.00->0.00  init: 0.00->0.50  tab: 1.00->1.00
      док. основы: ['HT115a', 'HT115b']; производного: ['HT96a', 'HT96b']
  SA-RA2 (n=19) ~ A-SA-RA2 (n=1): num: 0.05->0.00  rel: 0.00->0.00  init: 0.11->1.00  tab: 1.00->1.00
      док. основы: ['HT100', 'HT101', 'HT102', 'HT105', 'HT114a', 'HT121', 'HT130', 'HT18', 'HT28a', 'HT28b', 'HT30', 'HT32', 'HT33', 'HT34', 'HT90', 'HT93a', 'HT94a', 'HT97b', 'HT99a']; производного: ['HT89']
  SA-SA-RA-ME (n=1) ~ A-SA-SA-RA-ME (n=1): num: 0.00->0.00  rel: 1.00->1.00  init: 1.00->0.00  tab: 0.00->0.00
      док. основы: ['KHZc106']; производного: ['PKZa11']
  SI-KI-RA (n=1) ~ A-SI-KI-RA (n=1): num: 1.00->0.00  rel: 0.00->0.00  init: 0.00->1.00  tab: 1.00->1.00
      док. основы: ['HT8a']; производного: ['KH20']
  TA-NA-TE (n=1) ~ A-TA-NA-TE (n=1): num: 1.00->1.00  rel: 0.00->0.00  init: 1.00->0.00  tab: 1.00->1.00
      док. основы: ['ZA10a']; производного: ['ZA10a']
  --- парные Δ (производное − основа), знако-переворотный тест:
      num: средняя Δ=-0.238, p(знак-переворот, 2^7)=0.3750
      rel: средняя Δ=+0.000, p(знак-переворот, 2^7)=1.0000
      init: средняя Δ=+0.045, p(знак-переворот, 2^7)=1.0000
      tab: средняя Δ=+0.000, p(знак-переворот, 2^7)=1.0000
  --- пул вхождений, точный Фишер:
      num: основа 13/38, производное 2/10, Фишер p=0.4717
      rel: основа 1/38, производное 1/10, Фишер p=0.3768
      init: основа 6/38, производное 6/10, Фишер p=0.0092
      tab: основа 37/38, производное 9/10, Фишер p=0.3768

=== приставка ∅ ~ JA-: 1 пар ===
  SA-SA-RA-ME (n=1) ~ JA-SA-SA-RA-ME (n=7): num: 0.00->0.00  rel: 1.00->1.00  init: 1.00->0.29  tab: 0.00->0.00
      док. основы: ['KHZc106']; производного: ['IOZa12', 'IOZa16', 'IOZa6', 'PKZa27', 'PLZf1', 'PSZa2', 'TLZa1']
  --- парные Δ (производное − основа), знако-переворотный тест:
      num: средняя Δ=+0.000, p(знак-переворот, 2^1)=nan
      rel: средняя Δ=+0.000, p(знак-переворот, 2^1)=nan
      init: средняя Δ=-0.714, p(знак-переворот, 2^1)=nan
      tab: средняя Δ=+0.000, p(знак-переворот, 2^1)=nan
  --- пул вхождений, точный Фишер:
      num: признак константен (0 против 8) — тест не нужен
      rel: признак константен (8 против 0) — тест не нужен
      init: основа 1/1, производное 2/7, Фишер p=0.3750
      tab: признак константен (0 против 8) — тест не нужен

=== приставка A- ~ JA- (общий хвост): 2 пар ===
  A-SA-SA-RA-ME (n=1) ~ JA-SA-SA-RA-ME (n=7): num: 0.00->0.00  rel: 1.00->1.00  init: 0.00->0.29  tab: 0.00->0.00
      док. основы: ['PKZa11']; производного: ['IOZa12', 'IOZa16', 'IOZa6', 'PKZa27', 'PLZf1', 'PSZa2', 'TLZa1']
  A-WA-PI (n=1) ~ JA-WA-PI (n=1): num: 0.00->1.00  rel: 1.00->1.00  init: 0.00->0.00  tab: 0.00->0.00
      док. основы: ['KNZf31']; производного: ['PEZb7']
  --- парные Δ (производное − основа), знако-переворотный тест:
      num: средняя Δ=+0.500, p(знак-переворот, 2^2)=1.0000
      rel: средняя Δ=+0.000, p(знак-переворот, 2^2)=1.0000
      init: средняя Δ=+0.143, p(знак-переворот, 2^2)=1.0000
      tab: средняя Δ=+0.000, p(знак-переворот, 2^2)=1.0000
  --- пул вхождений, точный Фишер:
      num: основа 0/2, производное 1/8, Фишер p=1.0000
      rel: признак константен (10 против 0) — тест не нужен
      init: основа 0/2, производное 2/8, Фишер p=1.0000
      tab: признак константен (0 против 10) — тест не нужен

=== секундарно: все слова на -JA против прочих (конфаунд лексики; дескриптивно) ===
   num: -JA 12/37 (32.4%) против прочих 397/863 (46.0%), Фишер p=0.1290
   rel: -JA 15/37 (40.5%) против прочих 137/863 (15.9%), Фишер p=0.0004
   init: -JA 17/37 (45.9%) против прочих 265/863 (30.7%), Фишер p=0.0686
   tab: -JA 19/37 (51.4%) против прочих 626/863 (72.5%), Фишер p=0.0082
   слов на -JA: 29, токенов 37
