лексикон: 618 типов
универсум основ |U|=217; пар протестировано: 91 (двусторонне; Бонферрони ×182)

ОБОГАЩЕНИЕ (общая основа с двумя суффиксами = парадигма):
пара          |A|  |B|   ∩   E[∩]         p     p_adj
-RO/-U          11    4   1    0.2  1.89e-01  1.00e+00
-RO/-RA         11   17   1    0.9  6.01e-01  1.00e+00
-RO/-TA         11   17   1    0.9  6.01e-01  1.00e+00
-RA/-NE         17   14   1    1.1  6.93e-01  1.00e+00
-RO/-RE         11   25   1    1.3  7.49e-01  1.00e+00
-TE/-RO         29   11   1    1.5  8.02e-01  1.00e+00
-JA/-RA         22   17   1    1.7  8.49e-01  1.00e+00
-RA/-RE         17   25   1    2.0  8.85e-01  1.00e+00

ДЕПРЕССИЯ (комплементарность — основа берёт только один из двух):
пара          |A|  |B|   ∩   E[∩]         p     p_adj
-TE/-NA         29   30   0    4.0  9.59e-03  1.00e+00
-RE/-NA         25   30   0    3.5  1.90e-02  1.00e+00
-TI/-NA         23   30   0    3.2  2.67e-02  1.00e+00
-JA/-NA         22   30   0    3.0  3.15e-02  1.00e+00
-JA/-TE         22   29   0    2.9  3.57e-02  1.00e+00
-TI/-RE         23   25   0    2.6  5.08e-02  1.00e+00
-JA/-RE         22   25   0    2.5  5.83e-02  1.00e+00
-RA/-NA         17   30   0    2.4  7.17e-02  1.00e+00
-TA/-NA         17   30   0    2.4  7.17e-02  1.00e+00
-JA/-TI         22   23   0    2.3  7.42e-02  1.00e+00

значимо комплементарных пар: 0 → нет
мощность: пара -TE/-NA (|A|=29,|B|=30): даже ∩=0 даёт p_lo=0.010 (×182 = 1.00)
мощность: пара -RE/-NA (|A|=25,|B|=30): даже ∩=0 даёт p_lo=0.019 (×182 = 1.00)
мощность: пара -TE/-RE (|A|=29,|B|=25): даже ∩=0 даёт p_lo=0.022 (×182 = 1.00)

Чтение: p разведочные; при 618 типах лексикона депрессионный тест LA,
в отличие от этрусского (20k типов), упирается в мощность — фиксируем
как методический результат и как задел на рост корпуса.
