=== заголовки перед TE/SA-RA2 ===
   SI                   n=118  док=112 сайт=7   +число=  9% религ=  3%  (заголовок ×2)
   NI                   n=76   док=67  сайт=7   +число= 71% религ=  8%  (заголовок ×2)
   KI-RI-TA2            n=2    док=2   сайт=1   +число=  0% религ=  0%  (заголовок ×2)
   SA-RO                n=4    док=4   сайт=1   +число= 50% религ=  0%  (заголовок ×1)
   KA-U-DE-TA           n=1    док=1   сайт=1   +число=  0% религ=  0%  (заголовок ×1)
   RA-*164-TI           n=1    док=1   сайт=1   +число=  0% религ=  0%  (заголовок ×1)
   PI-TA-KA-SE          n=1    док=1   сайт=1   +число=  0% религ=  0%  (заголовок ×1)
   *307                 n=6    док=6   сайт=2   +число= 33% религ= 17%  (заголовок ×1)
   NU-DU-*331           n=1    док=1   сайт=1   +число=  0% религ=  0%  (заголовок ×1)
   TA                   n=29   док=29  сайт=7   +число= 28% религ=  7%  (заголовок ×1)
   SA-MA                n=4    док=4   сайт=2   +число= 75% религ=  0%  (заголовок ×1)
   SA-RA                n=2    док=2   сайт=2   +число=  0% религ=  0%  (заголовок ×1)
   *305                 n=12   док=11  сайт=1   +число= 75% религ=  0%  (заголовок ×1)
   I-KU-RI-NA           n=1    док=1   сайт=1   +число=  0% религ=  0%  (заголовок ×1)
   A-DU                 n=10   док=10  сайт=3   +число=  0% религ=  0%  (заголовок ×1)
   ZU-*22F-DI           n=1    док=1   сайт=1   +число=  0% религ=  0%  (заголовок ×1)
   KA-PA                n=6    док=6   сайт=1   +число= 33% религ=  0%  (заголовок ×1)
   U-TA-RO              n=1    док=1   сайт=1   +число=  0% религ=  0%  (заголовок ×1)
   I-NA                 n=1    док=1   сайт=1   +число=  0% религ=100%  (заголовок ×1)

=== сравнение классов (агрегаты) ===
заголовки перед TE/SA-RA2    токенов  277, +число  33%, религ   5%
якорные имена (§BN)          токенов   12, +число  67%, религ   8%
топонимы-якоря               токенов    4, +число  50%, религ  25%
операторы                    токенов  141, +число  34%, религ   2%
лексикон (n>=2), фон         токенов 2087, +число  27%, религ   7%

Чтение: разведочно (19 типов заголовков). Признак «+число» — маркёр
именных списков (§F); высокая доля у заголовков сближает их с именным
классом, низкая — с товарно-логограммным.
