=== H1. Омографический тест с этниконами ===
TIER1+2 (29 топонимов): наблюдаемо 3
   PA-I-TO == pa-i-to  токенов=2  док.: ['HT120', 'HT97a']
   SE-TO-I-JA == se-to-i-ja  токенов=1  док.: ['PRZa1']
   SU-KI-RI-TA == su-ki-ri-ta  токенов=1  док.: ['PHWa32']
ETHNICA (15 этниконов): наблюдаемо 0
ВСЕ (44): наблюдаемо 3
   PA-I-TO == pa-i-to  токенов=2  док.: ['HT120', 'HT97a']
   SE-TO-I-JA == se-to-i-ja  токенов=1  док.: ['PRZa1']
   SU-KI-RI-TA == su-ki-ri-ta  токенов=1  док.: ['PHWa32']
ETHNICA / Null-A: наблюдаемо 0, нуль 0.00±0.02, p=1.0000 (R=10000, seed=42)
ETHNICA / Null-B: наблюдаемо 0, нуль 0.00±0.02, p=1.0000 (R=10000, seed=42)
ВСЕ (44) / Null-A: наблюдаемо 3, нуль 0.33±0.58, p=0.0050 (R=10000, seed=42)
ВСЕ (44) / Null-B: наблюдаемо 3, нуль 0.31±0.55, p=0.0031 (R=10000, seed=42)

=== H2. Поведение кандидатов в корпусе ===

PA-I-TO:
   HT97a (HT, Tablet, tab) запись число=6
   HT120 (HT, Tablet, tab) запись число=16/5

SE-TO-I-JA:
   PRZa1 (PR, Stone vessel, rel) запись без числа

SU-KI-RI-TA:
   PHWa32 (PH, Nodule, tab) ЗАГОЛОВОК без числа
   слова с общей основой: ['SU-KI-RI-TE-I-JA (HTZb158b)']

DI-K-стем в формулах (гипотеза оронима Дикте; LB di-ka-ta — гласные НЕ совпадают):
   JA-DI-KI-TU — IOZa2 (IO, rel)
   JA-DI-KI-TE-TE-*307-PU2-RE — PKZa8 (PK, rel)
   A-DI-KI-TE-TE — PKZa11 (PK, rel)
   A-DI-KI-TE — PKZa12 (PK, rel)
   JA-DI-KI-TE-TE-DU-PU2-RE — PKZa15 (PK, rel)

=== H3. Поведенческий шорт-лист «топонимоподобных» слов ===
критерий: >=3 токенов, >=50% вхождений — первое слово таблички
   A-DU                   заголовок 5/7, сайты HT
   KA-PA                  заголовок 3/5, сайты HT
   JE-DI                  заголовок 3/4, сайты HT
   A-KA-RU                заголовок 3/3, сайты HT
   *21F-TU-NE             заголовок 3/3, сайты HT
   A-SE                   заголовок 2/3, сайты HT

=== Справка: серии LB-аттестаций 36 identicalWords (words_in_linearb.js) ===
(без контроля случайности; D-серии KN — списки пастухов: имена+топонимы)
   слов с аттестацией в KN D-сериях (пастушьи списки): 9/40
   топ серий: [('KN Dl', 4), ('KN E', 4), ('PY En', 4), ('KN As', 3), ('KN Db', 3), ('KN Ga', 3), ('KN Da', 3), ('KN X', 3), ('KN Mc', 3), ('TH Ft', 2), ('PY Un', 2), ('KN Fp', 2)]
