=== H1: сумма головных S-записей == финальное S ===
doc         S     голова                     финал   счёт p(перест.)
HT6a        NI    15                          31/2     !=     0.0000
HT11b       KA    30+50+30                      30     !=     0.0000
HT25b       VIR+[?]28                            24     !=     0.0000
HT27a       VIR+[?]90                            42     !=     0.0000
HT28a       OLE+DI1+3                           10     !=     0.0142
HT30        NI    36/5                           0     !=     0.1247
HT30        VIN   17/2                         1/2     !=     0.1087
HT30        OLE+TA0                            1/5     !=     0.0928
HT30        *23M  1                              1     ==     0.1022
HT32        DI    65                            53     !=     0.0000
HT41a       *304  10                            10     ==     1.0000
HT49a       KI    1                              1     ==     0.9114
HT69        DI    8                             12     !=     0.0000
HT94a       CYP   5                              0     !=     0.0000
HT94a       NI    19/6+0                       1/5     !=     0.0000
HT102       GRA+PA33                            33     ==     0.5070
HT118       KI    10+4+1                        15     ==     0.1165
HT120       GRA+PA62                            48     !=     0.0000
HT123+124a  OLIV  31+63/2+16+15              187/2     ==     0.0155
HT123+124a  *308  33/4+35/4+25/6              17/4     !=     0.0000
HT127b      KI+MU 15                            14     !=     0.0000
HT140       OLE+U 3+1+2                       13/2     !=     0.0355
HT140       KA    1                              1     ==     0.5092
KH9         CYP   1/4                            0     !=     0.3247
KH11        CYP   1/16                         1/3     !=     0.0000
KH11        CYP+E 0                              3     !=     0.1391
KH11        VIN   1/6                            3     !=     0.2203
KH11        *306  4                              1     !=     0.1797
PH31a       CAPm+KU1                              1     ==     1.0000
PH31a       *21M  1                              5     !=     0.0000
PH31b       *22F  2                              5     !=     0.0000
PH31b       *22M  1                              1     ==     0.6019
TY2         *309  290                            6     !=     0.0000
TY3a        OLE+KI61/4                          51     !=     0.0000
TY3a        OLE+U 22+15/2                       21     !=     0.0000
TY3a        OLE+QIf7/2                          9/2     !=     0.0000
ZA11a       VIN   1/2                          1/2     ==     0.3300
ZA11b       GRA+PA1                              3     !=     0.0000
событий с ≥2 вхождениями S: 38, точных под-финалов: 10
совокупно: наблюдаемо 10 попаданий из 38; ожидание нуля 6.33; P(>=набл.)=0.0208 (R=10000, seed=42)

=== H2/H3: под-сумма S (все вхождения) vs итоги документа ===
HT6a        NI    subsum=61/2    
HT11b       KA    subsum=140     S/KU-RO=7/9
HT25b       VIR+[?]subsum=52      S/KU-RO=13/4
HT27a       VIR+[?]subsum=132     S/KU-RO=132/335
HT28a       OLE+DIsubsum=14      
HT30        NI    subsum=36/5    
HT30        VIN   subsum=9       
HT30        OLE+TAsubsum=1/5     
HT30        *23M  subsum=2       
HT32        DI    subsum=118     
HT41a       *304  subsum=20      
HT49a       KI    subsum=2       
HT69        DI    subsum=20      
HT94a       CYP   subsum=5       S/KU-RO=1/22
HT94a       NI    subsum=101/30  S/KU-RO=101/3300
HT102       GRA+PAsubsum=66      S/KU-RO=33/530
HT118       KI    subsum=30      S/KU-RO=1
HT120       GRA+PAsubsum=110     
HT123+124a  OLIV  subsum=187     KI-RO=1 S/KU-RO=1122/151
HT123+124a  *308  subsum=305/12  KI-RO=1 S/KU-RO=305/302
HT127b      KI+MU subsum=29      S/KU-RO=29/292
HT140       OLE+U subsum=25/2    
HT140       KA    subsum=2       
KH9         CYP   subsum=1/4     
KH11        CYP   subsum=19/48   
KH11        CYP+E subsum=3       
KH11        VIN   subsum=19/6    
KH11        *306  subsum=5       
PH31a       CAPm+KUsubsum=2       
PH31a       *21M  subsum=6       
PH31b       *22F  subsum=7       
PH31b       *22M  subsum=2       
TY2         *309  subsum=296     
TY3a        OLE+KIsubsum=265/4   
TY3a        OLE+U subsum=101/2   
TY3a        OLE+QIfsubsum=8       
ZA11a       VIN   subsum=1       
ZA11b       GRA+PAsubsum=4       

--- одиночные S (1 вхождение) как доля KU-RO ---
NI    : n=7, мода отношения 31/1005 (1 раз) ['HT27a:31/1005', 'HT89:3/116', 'HT94a:19/660', 'HT94a:0', 'HT94a:1/550', 'HT100:2/97']
VIR+[?]: n=6, мода отношения 7/4 (1 раз) ['HT25b:7/4', 'HT25b:3/2', 'HT27a:18/67', 'HT27a:42/335', 'HT94a:31/55', 'HT119:67/160']
CYP   : n=5, мода отношения 9/335 (1 раз) ['HT27a:9/335', 'HT89:11/348', 'HT94a:1/22', 'HT94a:0', 'HT100:21/388']
KI    : n=5, мода отношения 2/97 (1 раз) ['HT100:2/97', 'HT118:1/3', 'HT118:2/15', 'HT118:1/30', 'HT118:1/2']
OLIV  : n=5, мода отношения 186/151 (1 раз) ['HT123+124a:186/151', 'HT123+124a:189/151', 'HT123+124a:96/151', 'HT123+124a:90/151', 'HT123+124a:561/151']
KA    : n=4, мода отношения 1/6 (3 раз) ['HT11b:1/6', 'HT11b:5/18', 'HT11b:1/6', 'HT11b:1/6']
*308  : n=4, мода отношения 99/302 (1 раз) ['HT123+124a:99/302', 'HT123+124a:105/302', 'HT123+124a:25/151', 'HT123+124a:51/302']
VIN   : n=3, мода отношения 7/335 (1 раз) ['HT27a:7/335', 'HT89:2/29', 'HT100:5/194']
*86   : n=2, мода отношения 51/335 (1 раз) ['HT27a:51/335', 'HT94a:2/11']
RE    : n=2, мода отношения 4/67 (1 раз) ['HT27a:4/67', 'HT109:4/129']
VIR+KA: n=2, мода отношения 10/3 (1 раз) ['HT88:10/3', 'HT100:58/97']
*305  : n=2, мода отношения 23/87 (1 раз) ['HT89:23/87', 'HT100:5/97']
VIR+*313a: n=2, мода отношения 13/87 (1 раз) ['HT89:13/87', 'HT100:16/97']
TI+A  : n=2, мода отношения 7/110 (1 раз) ['HT94a:7/110', 'HT100:12/97']
TA    : n=2, мода отношения 2/55 (1 раз) ['HT94a:2/55', 'HT109:4/129']
GRA+PA: n=2, мода отношения 33/1060 (2 раз) ['HT102:33/1060', 'HT102:33/1060']
DI    : n=2, мода отношения 1/31 (1 раз) ['HT122a:1/31', 'HT122b:2/65']
KI+MU : n=2, мода отношения 15/292 (1 раз) ['HT127b:15/292', 'HT127b:7/146']

=== H4: S-значение / значение предыдущей многознаковой записи ===
DI    : n=5, топ отношений [(Fraction(65, 108), 1), (Fraction(3, 1), 1)] ['HT32:65/108', 'HT69:3', 'HT97a:2/3', 'HT111a:7/4', 'HT122b:1']
PA    : n=4, топ отношений [(Fraction(1, 1), 2), (Fraction(7, 3), 1)] ['HT8a:7/3', 'HT25a:1', 'HT85b:1', 'ZA10a:1/2']
KI    : n=4, топ отношений [(Fraction(2, 3), 2), (Fraction(1, 1), 1)] ['HT49a:1', 'HT118:2/3', 'HT118:2/3', 'HT118:1/4']
NI    : n=3, топ отношений [(Fraction(62, 91), 1), (Fraction(1, 10), 1)] ['HT6a:62/91', 'HT96a:1/10', 'HT130:3/4']
*301  : n=2, топ отношений [(Fraction(3, 2), 1), (Fraction(1, 1), 1)] ['HT10a:3/2', 'HT55a:1']
KA    : n=2, топ отношений [(Fraction(3, 4), 1), (Fraction(1, 1), 1)] ['HT11b:3/4', 'HT85b:1']
WA    : n=2, топ отношений [(Fraction(8, 3), 1), (Fraction(2, 1), 1)] ['HT16:8/3', 'HT20:2']
VIR+[?]: n=2, топ отношений [(Fraction(42, 5), 1), (Fraction(81, 160), 1)] ['HT27a:42/5', 'HT93a:81/160']
DU    : n=2, топ отношений [(Fraction(1, 1), 2)] ['HT47a:1', 'HT122a:1']
JU    : n=2, топ отношений [(Fraction(3, 1), 1), (Fraction(0, 1), 1)] ['HT97a:3', 'ZA11a:0']
*188  : n=2, топ отношений [(Fraction(2, 1), 1), (Fraction(1, 4), 1)] ['HT103:2', 'HT123+124b:1/4']

=== перепись одиночных знаков с числами (таблички со словными записями) ===
    NI:  22 вхожд., 18 док. ['HT100', 'HT103', 'HT110a', 'HT111b', 'HT12', 'HT130', 'HT131b', 'HT27a', 'HT28a', 'HT30']
   VIN:  15 вхожд., 12 док. ['HT100', 'HT130', 'HT17', 'HT19', 'HT23a', 'HT27a', 'HT28a', 'HT30', 'HT89', 'HT98b']
   CYP:  12 вхожд.,  9 док. ['HT100', 'HT23a', 'HT27a', 'HT30', 'HT89', 'HT94a', 'KH103', 'KH11', 'KH9']
    DI:  11 вхожд.,  9 док. ['HT111a', 'HT122a', 'HT122b', 'HT20', 'HT3', 'HT32', 'HT69', 'HT85b', 'HT97a']
VIR+[?]:  11 вхожд.,  9 док. ['HT108', 'HT119', 'HT25b', 'HT26b', 'HT27a', 'HT62+73', 'HT93a', 'HT94a', 'TY2']
    KA:   9 вхожд.,  5 док. ['GO2r', 'HT11b', 'HT140', 'HT85b', 'HT93a']
 OLE+U:   9 вхожд.,  4 док. ['HT100', 'HT140', 'HT28a', 'TY3a']
    KI:   9 вхожд.,  5 док. ['HT100', 'HT118', 'HT49a', 'HT97a', 'TY3a']
  OLIV:   8 вхожд.,  4 док. ['HT123+124a', 'HT131b', 'TY3a', 'ZA11a']
   GRA:   7 вхожд.,  7 док. ['ARKH5', 'HT102', 'HT115b', 'HT28a', 'HT34', 'HT62+73', 'HT96a']
GRA+PA:   7 вхожд.,  4 док. ['HT102', 'HT120', 'ZA11a', 'ZA11b']
  *308:   6 вхожд.,  3 док. ['HT123+124a', 'HT23a', 'HT32']
OLE+KI:   5 вхожд.,  4 док. ['HT140', 'HT28a', 'HT8a', 'TY3a']
    PA:   5 вхожд.,  5 док. ['HT25a', 'HT85b', 'HT8a', 'ZA10a', 'ZA21a']
    RE:   5 вхожд.,  5 док. ['ARKH4a', 'ARKH4b', 'HT109', 'HT27a', 'HT32']
    TE:   5 вхожд.,  5 док. ['HT55b', 'HT63', 'HT67', 'HT70', 'ZA21a']
  *301:   4 вхожд.,  4 док. ['HT10a', 'HT127b', 'HT55a', 'KH11']
OLE+DI:   4 вхожд.,  2 док. ['HT12', 'HT28a']
  *304:   4 вхожд.,  3 док. ['HT12', 'HT28a', 'HT41a']
QA2+[?]+PU:   4 вхожд.,  4 док. ['HT12', 'HT30', 'HT32', 'HT34']
 CYP+E:   4 вхожд.,  3 док. ['HT110a', 'HT12', 'KH11']
    TU:   4 вхожд.,  4 док. ['HT49a', 'HT55a', 'HT79+83', 'HT98a']
  *118:   3 вхожд.,  3 док. ['HT12', 'HT24b', 'KN2']
  *21M:   3 вхожд.,  2 док. ['HT20', 'PH31a']
OLE+NE:   3 вхожд.,  3 док. ['HT100', 'HT23a', 'HT32']
OLE+TU:   3 вхожд.,  3 док. ['HT23a', 'HT28a', 'TY3a']
MI+JA+RU:   3 вхожд.,  3 док. ['HT23a', 'HT32', 'HT81']
QA2+[?]+RE:   3 вхожд.,  3 док. ['HT23a', 'HT32', 'HT34']
 KI+MU:   3 вхожд.,  2 док. ['HT127b', 'HT26b']
    QE:   3 вхожд.,  3 док. ['HT146', 'HT27a', 'HT37']

=== H1 по классам знаков ===
логограммы-товары: событий 32, попаданий 7, ожидание нуля 4.80, P(>=набл.)=0.1047; знаки: ['*21M', '*22F', '*22M', '*23M', '*304', '*306', '*308', '*309', 'CAPm+KU', 'CYP', 'CYP+E', 'GRA+PA', 'KI+MU', 'NI', 'OLE+DI', 'OLE+KI', 'OLE+QIf', 'OLE+TA', 'OLE+U', 'OLIV', 'VIN', 'VIR+[?]']
силлабограммы: событий 6, попаданий 3, ожидание нуля 1.54, P(>=набл.)=0.0519; знаки: ['DI', 'KA', 'KI']
