язык                        n слог/сл  V-нач  зияние  редупл  фин: a     e     i     o     u
Akkadian                  158    2.34    32%      3%    1.3%      6%    1%    2%    0%   91%
Basque                    177    2.50    39%     18%    0.6%     18%   14%   33%    9%   27%
Hittite                   133    2.60    29%     22%    2.3%     46%    6%   38%    0%   10%
Hurrian                    60    2.22    33%     17%    0.0%     10%   17%   70%    0%    3%
LA (лексикон)             487    3.22    25%     12%    4.5%     35%   24%   21%    5%   16%
LB (греч. Кносс/Пилос)   3695    3.53    30%     21%    2.4%     24%   18%    8%   45%    5%
Luwian                     68    2.82    32%     10%    0.0%     29%    0%   69%    0%    1%
Sumerian                   74    2.18    35%     11%    4.1%     35%   18%   23%    0%   24%

=== близость к LA (меньше = ближе) ===
язык                     TV(финали) |Δзияние| |ΔV-нач| |Δслог|   сумма
Sumerian                      0.108     0.009    0.097    1.04   0.561
Hittite                       0.286     0.101    0.031    0.62   0.624
LB (греч. Кносс/Пилос)        0.403     0.097    0.048    0.31   0.652
Luwian                        0.482     0.014    0.069    0.40   0.697
Basque                        0.269     0.064    0.135    0.72   0.707
Hurrian                       0.491     0.050    0.079    1.00   0.953
Akkadian                      0.751     0.085    0.068    0.88   1.197

бутстреп 95% CI суммарного балла (устойчивость ранжирования):
   Sumerian                 [0.478, 0.783]
   Hittite                  [0.520, 0.762]
   LB (греч. Кносс/Пилос)   [0.576, 0.730]
   Luwian                   [0.582, 0.904]
