язык                        n  слог  V-нач  зиян   ред     a    e    i    o    u
Akkadian                  160  2.67    27%    4%  1.9%    2%  18%   2%   0%  78%
Ancient_Greek             193  2.58    28%   40%  0.0%   12%  10%  13%  56%   9%
Basque                    179  2.53    40%   20%  0.6%   17%  15%  32%  11%  26%
Etruscan                   25  2.16    28%   24%  4.0%   52%   8%  32%   0%   8%
Georgian                  166  2.31     8%    2%  1.8%   32%   5%  61%   2%   0%
Hittite                   244  2.84    28%   42%  6.1%   46%   3%  40%   0%  11%
Hurrian                    59  2.24    34%   19%  0.0%   10%  17%  69%   0%   3%
LA (лексикон)             487  3.22    25%   12%  4.5%   35%  24%  21%   5%  16%
LB (греч. реальный)      3695  3.53    30%   21%  2.4%   24%  18%   8%  45%   5%
Luwian                    106  3.03    30%   26%  5.7%   36%   0%  58%   0%   6%
PreGreek (основы)          23  2.48    22%    4%  0.0%   13%  13%  57%   0%  17%
PreGreek (слова)           26  3.31    19%    8%  0.0%    4%   4%   0%  88%   4%
Sumerian                   86  2.31    38%   15%  3.5%   38%  19%  22%   0%  21%

=== близость к LA (сумма: TV(финали)+|Δзияние|+|ΔV-нач|+|Δслог|/3) ===
   Sumerian                 сумма=0.562 (TV финалей 0.097)
   Luwian                   сумма=0.645 (TV финалей 0.387)
   LB (греч. реальный)      сумма=0.652 (TV финалей 0.403)
   Basque                   сумма=0.717 (TV финалей 0.267)
   PreGreek (основы)        сумма=0.727 (TV финалей 0.370)
   Hittite                  сумма=0.754 (TV финалей 0.300)
   Etruscan                 сумма=0.785 (TV финалей 0.284)
   Akkadian                 сумма=0.896 (TV финалей 0.621)
   Hurrian                  сумма=0.967 (TV финалей 0.485)
   Georgian                 сумма=0.970 (TV финалей 0.399)
   PreGreek (слова)         сумма=0.971 (TV финалей 0.839)
   Ancient_Greek            сумма=1.047 (TV финалей 0.520)
