полный лексикон: 618 типов / 900 токенов
надёжный лексикон: 520 типов / 768 токенов (исключено токенов: 132)

=== §C same-C финальных чередований ===
полный, основа >=2: пар 35, same-C 5 (14.3%), p=0.1006
надёжный, основа >=2: пар 28, same-C 4 (14.3%), p=0.1448
полный, основа >=1: пар 328, same-C 39 (11.9%), p=0.0017
надёжный, основа >=1: пар 231, same-C 27 (11.7%), p=0.0131

=== §D позиционность V/CV ===
полный: V нач. 65.6% (CV 25.2%), p=0.0031 (V-знаков 5 из 53)
надёжный: V нач. 66.5% (CV 26.2%), p=0.0030 (V-знаков 5 из 51)

=== §E омографы-топонимы (список 29) ===
полный: наблюдаемо 3 (['PA,I,TO', 'SE,TO,I,JA', 'SU,KI,RI,TA']), нуль 0.33, p=0.0049
надёжный: наблюдаемо 2 (['SE,TO,I,JA', 'SU,KI,RI,TA']), нуль 0.29, p=0.0332

=== §L поддержка главных маркеров ===
полный: поддержка -JA 8 основ, A- 14 основ
надёжный: поддержка -JA 6 основ, A- 11 основ

токены якорей в underdot-слое / doubtful:
   PA-I-TO @ HT97a: underdot=True, corpus_doubtful=False
   PA-I-TO @ HT120: underdot=True, corpus_doubtful=False
   SU-KI-RI-TE-I-JA @ HTZb158b: underdot=False, corpus_doubtful=False
   SU-KI-RI-TA @ PHWa32: underdot=False, corpus_doubtful=False
   SE-TO-I-JA @ PRZa1: underdot=False, corpus_doubtful=False
