профиль V (n=218): нач/сред/кон = 0.66/0.22/0.12
профиль CV (n=1626): 0.25/0.42/0.33

=== калибровка классификатора на известных знаках (LOO, >=5 вхождений) ===
точность: 47/53 = 89%; ошибки: [('I', 'V', -2.84, [32, 27, 11]), ('KA', 'CV', 0.91, [28, 15, 16]), ('QA', 'CV', 2.97, [15, 6, 4]), ('QE', 'CV', 1.09, [12, 5, 6]), ('E', 'V', -2.35, [5, 3, 7]), ('WI', 'CV', 0.52, [7, 1, 5])]

=== неизвестные знаки: классификация и свидетельства ===
(классификация по ТИПАМ слов; tok >> типов => знак формульный, вердикт слабее)
знак         n  tok   нач/срд/кон  log10LR  вердикт    соло+число  партнёры(осн>=2) | соседи-аналоги
*301        17   27        3/10/4    -3.23  CV-подобный      6     —                  | DA(0.79), TA(0.77), DE(0.76)
*21F        10   15         3/4/3    -1.14  CV-подобный      2     —                  | MA(0.86), QE(0.78), KI(0.73)
*118        10   16         0/2/8    -3.97  CV-подобный      3     —                  | RA2(0.87), RO(0.80), RE(0.79)
VS           8   28         0/2/6    -3.12  CV-подобный      0     —                  | RA2(0.66), TE(0.64), ME(0.64)
*86          6    9         4/0/2     0.81  неуверенно      2     —                  | A(0.81), QE(0.79), KA(0.78)
*188         5    7         3/0/2     0.39  неуверенно      2     —                  | E(0.72), KA(0.69), JA(0.69)
*305         5    5         2/0/3    -0.45  неуверенно      9     —                  | TU(0.83), JA(0.83), TE(0.81)
*306         5    9         3/0/2     0.39  неуверенно      4     —                  | PI(0.73), E(0.73), U(0.72)
*314         4    4         1/3/0    -0.42  неуверенно      1     —                  | 
*323         4    4         2/2/0     0.28  неуверенно      0     —                  | 
*34          4    5         1/3/0    -0.42  неуверенно      0     —                  | 
AU           4    5         2/2/0     0.28  неуверенно      1     —                  | 
*312         3    3         3/0/0     1.25  V-подобный      4     —                  | 
*333         3    3         3/0/0     1.25  V-подобный      0     —                  | 
*47          3    3         2/1/0     0.55  неуверенно      0     —                  | 
*815         3    3         3/0/0     1.25  V-подобный      1     —                  | 
*325         3    5         0/2/1    -0.98  неуверенно      0     —                  | 
*49          3    3         0/1/2    -1.13  CV-подобный      0     —                  | 
*310         3    6         0/3/0    -0.83  неуверенно      1     —                  | 
*164         2    2         1/1/0     0.14  неуверенно      0     —                  | 
*308         2    2         0/0/2    -0.85  неуверенно      9     —                  | 
*28B         2    4         1/0/1    -0.01  неуверенно      0     —                  | 
*309         2    2         2/0/0     0.83  неуверенно      2     —                  | 
*309C        2    2         2/0/0     0.83  неуверенно      0     —                  | 
*317         2    2         1/0/1    -0.01  неуверенно      2     —                  | 
*363         2    2         1/0/1    -0.01  неуверенно      0     —                  | 
*805         2    3         2/0/0     0.83  неуверенно      0     —                  | 
*321         2    2         0/0/2    -0.85  неуверенно      0     —                  | 

--- досье знаков с tok/типы >= 3 (формульные) ---
VS: типов 8, токенов 28; слова: *411-VS×15, *409-VS×4, *408-VS×3, *417-VS×2, *403-VS×1, *415-VS-SU-PU×1
*411: типов 1, токенов 15; слова: *411-VS×15
*409: типов 1, токенов 4; слова: *409-VS×4
*324: типов 1, токенов 3; слова: *324-DI-RA×3
*408: типов 1, токенов 3; слова: *408-VS×3

--- чередования неизвестных знаков (основа >=1, с основами) ---
*301: ~*82 [E]; ~KE [TE]; ~KI [TE]; ~NA [*301]; ~NI [TE]; ~RI [TE]; ~TU [TE]
*21F: ~*345 [JA]; ~DI [JA]; ~KU [JA]; ~PA [JA]; ~SA [JA]; ~SI [JA]
*86: ~*308 [*188]; ~DU [*188]; ~RO [RE]; ~SA [RE]; ~TI [RE]; ~ZA [RE]
*188: ~E [PA3]; ~NI [PA3]; ~PU2 [PA3]
*305: ~DI [KA]; ~JE [SE]; ~JU [KA]; ~KI [KA]; ~KU [KA]; ~NA [KA]; ~PA [KA]; ~QA [KA]; ~RU [KA]; ~SI [KA]; ~TI [KA]
*306: ~DE [DI]
*49: ~JU [U]; ~SU [U]; ~TA2 [U]; ~TE [U]; ~TI [U]
*308: ~*86 [*188]; ~DA [I]; ~DU [*188]; ~JA [I]; ~KA [I]; ~RA2 [I]; ~TI [I]
*317: ~*344 [*323]
*321: ~DA [KU]; ~DI [MA]; ~PA [KU]; ~PI [KU]; ~RA [KU]; ~RE [MA]; ~RO [KU]; ~RU [MA]; ~ZA [MA]; ~ZU [MA]
