
=== *118: 10 слов ===
 ряд  LB слоты коллизии LA   примеры
   n   2     1           0   QA-*118->qa-na[LB]; QA-*118->qa-ne[LB]
   r   2     0           0   QA-*118->qa-ra[LB]; I-QA-*118->i-qa-ro[LB]
   t   1     1           0   QA-*118->qa-te[LB]
   k   1     0           0   QA-*118->qa-ka[LB]
   s   1     0           0   QA-*118->qa-sa[LB]

=== *301: 16 слов ===
 ряд  LB слоты коллизии LA   примеры
   k  11     1           3   *301-NA->ka-na[LB]; E-*301->e-ka[LB]; *301-*301->ka-ka[LB]
   r   8     3           1   TE-*301->te-ra[LB]; E-*301->e-ra[LB]; TE-*301->te-re[LB]
   t   7     4           2   TE-*301->te-ta[LB]; E-*301->e-ta[LB]; E-*301->e-te[LB]
   ∅   7     2           0   TE-*301->te-i[LB]; *301-NA->i-na[LB]; TE-*301->te-o[LB]
   p   7     2           0   TE-*301->te-pa[LB]; *301-NA->pa-na[LB]; TE-*301->te-pe[LB]
   m   3     2           0   *301-NA->me-na[LB]; E-*301->e-me[LB]; TE-*301->te-mi[LB]
   q   3     2           1   *301-NA->qa-na[LB]; E-*301->e-qa[LB]; E-*301->e-qe[LB]
   w   3     1           0   TE-*301->te-wa[LB]; *301-NA->wa-na[LB]; E-*301->e-wa[LB]
   n   2     1           1   E-*301->e-ni[LB]; TE-*301->te-nu[LB]
   d   1     1           0   *301-NA->da-na[LB]
   j   1     0           0   TE-*301->te-ja[LB]

=== *306: 5 слов ===
 ряд  LB слоты коллизии LA   примеры
   k   3     3           0   DI-*306->di-ka[LB]; DI-*306->di-ki[LB]; *306-TU->ko-tu[LB]
   r   3     3           1   DI-*306->di-ra[LB]; *306-TU->ra-tu[LB]; DI-*306->di-ro[LB]
   z   2     2           0   DI-*306->di-za[LB]; DI-*306->di-zo[LB]
   p   2     0           0   DI-*306->di-pa[LB]; DI-*306->di-pi[LB]
   t   1     1           1   *306-TU->ti-tu[LB]
   d   1     1           2   DI-*306->di-de[LB]
   w   1     0           0   *306-TU->wa-tu[LB]
   m   1     0           1   *306-TU->me-tu[LB]
   s   0     0           1   

=== нормированный турнир: (LB-попадания) / (частота ряда в LB) ===
*118: n:29 (попад.2, част.0.069), s:19 (попад.1, част.0.053), r:15 (попад.2, част.0.133), k:10 (попад.1, част.0.100)
*301: k:110 (попад.11, част.0.100), p:102 (попад.7, част.0.069), q:91 (попад.3, част.0.033), r:60 (попад.8, част.0.133)
*306: z:228 (попад.2, част.0.009), k:30 (попад.3, част.0.100), p:29 (попад.2, част.0.069), r:23 (попад.3, част.0.133)
